2023-06-18 02:59:19,123 [INFO] Activator:179 - 


2023-06-18 02:59:19,123 [INFO] Activator:180 - !SESSION log4j initialized
2023-06-18 02:59:46,934 [ERROR] LogOutputStream:74 - [STDERR_REDIRECT] SLF4J: Failed to load class "org.slf4j.impl.StaticLoggerBinder".
2023-06-18 02:59:46,934 [ERROR] LogOutputStream:74 - [STDERR_REDIRECT] SLF4J: Defaulting to no-operation (NOP) logger implementation
2023-06-18 02:59:46,934 [ERROR] LogOutputStream:74 - [STDERR_REDIRECT] SLF4J: See http://www.slf4j.org/codes.html#StaticLoggerBinder for further details.
2023-06-20 23:48:55,544 [INFO] Activator:179 - 


2023-06-20 23:48:55,552 [INFO] Activator:180 - !SESSION log4j initialized
2023-06-20 23:49:29,685 [ERROR] LogOutputStream:74 - [STDERR_REDIRECT] SLF4J: Failed to load class "org.slf4j.impl.StaticLoggerBinder".
2023-06-20 23:49:29,685 [ERROR] LogOutputStream:74 - [STDERR_REDIRECT] SLF4J: Defaulting to no-operation (NOP) logger implementation
2023-06-20 23:49:29,693 [ERROR] LogOutputStream:74 - [STDERR_REDIRECT] SLF4J: See http://www.slf4j.org/codes.html#StaticLoggerBinder for further details.
2023-06-26 23:45:45,788 [INFO] Activator:179 - 


2023-06-26 23:45:45,795 [INFO] Activator:180 - !SESSION log4j initialized
2023-06-26 23:46:21,940 [ERROR] LogOutputStream:74 - [STDERR_REDIRECT] SLF4J: Failed to load class "org.slf4j.impl.StaticLoggerBinder".
2023-06-26 23:46:21,940 [ERROR] LogOutputStream:74 - [STDERR_REDIRECT] SLF4J: Defaulting to no-operation (NOP) logger implementation
2023-06-26 23:46:21,948 [ERROR] LogOutputStream:74 - [STDERR_REDIRECT] SLF4J: See http://www.slf4j.org/codes.html#StaticLoggerBinder for further details.
2023-06-29 01:14:06,543 [INFO] Activator:179 - 


2023-06-29 01:14:06,548 [INFO] Activator:180 - !SESSION log4j initialized
2023-06-29 01:14:34,009 [ERROR] LogOutputStream:74 - [STDERR_REDIRECT] SLF4J: Failed to load class "org.slf4j.impl.StaticLoggerBinder".
2023-06-29 01:14:34,010 [ERROR] LogOutputStream:74 - [STDERR_REDIRECT] SLF4J: Defaulting to no-operation (NOP) logger implementation
2023-06-29 01:14:34,011 [ERROR] LogOutputStream:74 - [STDERR_REDIRECT] SLF4J: See http://www.slf4j.org/codes.html#StaticLoggerBinder for further details.
2023-06-29 01:30:15,527 [INFO] McuFinderGlobals:52 - Set McuFinder mode to 2 (CubeIDE integrated)
2023-06-29 01:30:17,380 [INFO] ApplicationProperties:181 - Using Application install path: C:\ST\STM32CubeIDE_1.9.0\STM32CubeIDE\plugins\com.st.stm32cube.common.mx_6.7.0.202301130839
2023-06-29 01:30:17,397 [INFO] DbMcusXml:77 - Set database path to: C:\ST\STM32CubeIDE_1.9.0\STM32CubeIDE\plugins\com.st.stm32cube.common.mx_6.7.0.202301130839\\db\/mcu/
2023-06-29 01:30:17,397 [INFO] ApiDb:273 - Set plugin database path to: C:\ST\STM32CubeIDE_1.9.0\STM32CubeIDE\plugins\com.st.stm32cube.common.mx_6.7.0.202301130839\\db\/plugins/boardmanager/
2023-06-29 01:30:17,399 [WARN] ApiDb:258 - Overriding images path with different value:  => C:\ST\STM32CubeIDE_1.9.0\STM32CubeIDE\plugins\com.st.stm32cube.common.mx_6.7.0.202301130839\\db\/plugins/mcufinder/images/
2023-06-29 01:30:17,415 [INFO] ApiDb:249 - Set database path to: C:\Users\XPS\.stmcufinder\plugins\mcufinder//mcu/
2023-06-29 01:30:17,416 [INFO] DbMcusAds:124 - Set database path to: C:\Users\XPS\.stmcufinder\plugins\mcufinder//mcu/
2023-06-29 01:30:17,424 [INFO] CrossReferenceDbSqlite:202 - Set database path to: C:\Users\XPS\.stmcufinder\plugins\mcufinder//mcu/cs/
2023-06-29 01:30:17,517 [INFO] RulesReader:61 - Compatibility file has been processed (283 Rules)
2023-06-29 01:30:17,590 [INFO] DbMcusXml:77 - Set database path to: C:\ST\STM32CubeIDE_1.9.0\STM32CubeIDE\plugins\com.st.stm32cube.common.mx_6.7.0.202301130839\\db\/mcu/
2023-06-29 01:30:17,591 [INFO] ApiDb:273 - Set plugin database path to: C:\ST\STM32CubeIDE_1.9.0\STM32CubeIDE\plugins\com.st.stm32cube.common.mx_6.7.0.202301130839\\db\/plugins/boardmanager/
2023-06-29 01:30:17,591 [INFO] ApiDb:260 - Set plugin images path to: C:\ST\STM32CubeIDE_1.9.0\STM32CubeIDE\plugins\com.st.stm32cube.common.mx_6.7.0.202301130839\\db\/plugins/mcufinder/images/
2023-06-29 01:30:17,591 [WARN] DbFile:40 - Overriding database path with different value: C:\Users\XPS\.stmcufinder\plugins\mcufinder/ => C:\Users\XPS\.stmcufinder\plugins\mcufinder
2023-06-29 01:30:17,591 [INFO] ApiDb:249 - Set database path to: C:\Users\XPS\.stmcufinder\plugins\mcufinder//mcu/
2023-06-29 01:30:17,592 [WARN] DbFile:40 - Overriding database path with different value: C:\Users\XPS\.stmcufinder\plugins\mcufinder/ => C:\Users\XPS\.stmcufinder\plugins\mcufinder
2023-06-29 01:30:17,592 [INFO] DbMcusAds:124 - Set database path to: C:\Users\XPS\.stmcufinder\plugins\mcufinder//mcu/
2023-06-29 01:30:17,593 [WARN] DbFile:40 - Overriding database path with different value: C:\Users\XPS\.stmcufinder\plugins\mcufinder/ => C:\Users\XPS\.stmcufinder\plugins\mcufinder
2023-06-29 01:30:17,593 [WARN] DbFile:40 - Overriding database path with different value: C:\Users\XPS\.stmcufinder\plugins\mcufinder/ => C:\Users\XPS\.stmcufinder\plugins\mcufinder
2023-06-29 01:30:17,593 [INFO] CrossReferenceDbSqlite:202 - Set database path to: C:\Users\XPS\.stmcufinder\plugins\mcufinder//mcu/cs/
2023-06-29 01:30:17,676 [INFO] MainPanel:252 - HeapMemory: 434110464
2023-06-29 01:30:17,792 [INFO] DbMcusXml:77 - Set database path to: C:\ST\STM32CubeIDE_1.9.0\STM32CubeIDE\plugins\com.st.stm32cube.common.mx_6.7.0.202301130839\\db\/mcu/
2023-06-29 01:30:17,792 [INFO] ApiDb:273 - Set plugin database path to: C:\ST\STM32CubeIDE_1.9.0\STM32CubeIDE\plugins\com.st.stm32cube.common.mx_6.7.0.202301130839\\db\/plugins/boardmanager/
2023-06-29 01:30:17,792 [INFO] ApiDb:260 - Set plugin images path to: C:\ST\STM32CubeIDE_1.9.0\STM32CubeIDE\plugins\com.st.stm32cube.common.mx_6.7.0.202301130839\\db\/plugins/mcufinder/images/
2023-06-29 01:30:17,793 [WARN] DbFile:40 - Overriding database path with different value: C:\Users\XPS\.stmcufinder\plugins\mcufinder/ => C:\Users\XPS\.stmcufinder\plugins\mcufinder
2023-06-29 01:30:17,793 [INFO] ApiDb:249 - Set database path to: C:\Users\XPS\.stmcufinder\plugins\mcufinder//mcu/
2023-06-29 01:30:17,793 [WARN] DbFile:40 - Overriding database path with different value: C:\Users\XPS\.stmcufinder\plugins\mcufinder/ => C:\Users\XPS\.stmcufinder\plugins\mcufinder
2023-06-29 01:30:17,793 [INFO] DbMcusAds:124 - Set database path to: C:\Users\XPS\.stmcufinder\plugins\mcufinder//mcu/
2023-06-29 01:30:17,793 [WARN] DbFile:40 - Overriding database path with different value: C:\Users\XPS\.stmcufinder\plugins\mcufinder/ => C:\Users\XPS\.stmcufinder\plugins\mcufinder
2023-06-29 01:30:17,793 [WARN] DbFile:40 - Overriding database path with different value: C:\Users\XPS\.stmcufinder\plugins\mcufinder/ => C:\Users\XPS\.stmcufinder\plugins\mcufinder
2023-06-29 01:30:17,793 [INFO] CrossReferenceDbSqlite:202 - Set database path to: C:\Users\XPS\.stmcufinder\plugins\mcufinder//mcu/cs/
2023-06-29 01:30:17,837 [INFO] ApplicationProperties:181 - Using Application install path: C:\ST\STM32CubeIDE_1.9.0\STM32CubeIDE\plugins\com.st.stm32cube.common.mx_6.7.0.202301130839
2023-06-29 01:30:17,839 [INFO] PluginManage:193 - Search for loadable plugins [exclusion list=, ]
2023-06-29 01:30:17,840 [INFO] PluginManage:307 - Check plugin analytics
2023-06-29 01:30:17,999 [INFO] AnalyticsPlugin:262 - Accepted Software Licenses: 
2023-06-29 01:30:18,000 [INFO] AnalyticsPlugin:264 - Accepted CMSIS Pack Licenses: 
2023-06-29 01:30:18,000 [INFO] AnalyticsPlugin:266 - Accepted Firmware Licenses: 
2023-06-29 01:30:18,006 [INFO] PluginManage:356 - Loaded plugin analytics (category:tool,tabindex:-1)
2023-06-29 01:30:18,006 [INFO] PluginManage:307 - Check plugin cadmodel
2023-06-29 01:30:18,019 [INFO] CADModel:104 - Init CAD model plugin
2023-06-29 01:30:18,019 [INFO] PluginManage:356 - Loaded plugin cadmodel (category:power,tabindex:5)
2023-06-29 01:30:18,019 [INFO] PluginManage:307 - Check plugin clock
2023-06-29 01:30:18,044 [INFO] PluginManage:356 - Loaded plugin clock (category:base,tabindex:2)
2023-06-29 01:30:18,044 [INFO] PluginManage:307 - Check plugin ddr
2023-06-29 01:30:18,047 [INFO] PluginManage:356 - Loaded plugin ddr (category:tool,tabindex:6)
2023-06-29 01:30:18,047 [INFO] PluginManage:307 - Check plugin filemanager
2023-06-29 01:30:18,170 [INFO] PluginManage:356 - Loaded plugin filemanager (category:base,tabindex:10)
2023-06-29 01:30:18,171 [INFO] PluginManage:307 - Check plugin ipmanager
2023-06-29 01:30:18,178 [INFO] PluginManage:356 - Loaded plugin ipmanager (category:base,tabindex:5)
2023-06-29 01:30:18,178 [INFO] PluginManage:307 - Check plugin lpbam
2023-06-29 01:30:18,194 [INFO] PluginManage:356 - Loaded plugin lpbam (category:base,tabindex:0)
2023-06-29 01:30:18,195 [INFO] PluginManage:307 - Check plugin pinoutandconfiguration
2023-06-29 01:30:18,209 [INFO] PluginManage:356 - Loaded plugin pinoutandconfiguration (category:base,tabindex:1)
2023-06-29 01:30:18,210 [INFO] PluginManage:307 - Check plugin pinoutconfig
2023-06-29 01:30:18,250 [INFO] PluginManage:356 - Loaded plugin pinoutconfig (category:base,tabindex:0)
2023-06-29 01:30:18,250 [INFO] PluginManage:307 - Check plugin power
2023-06-29 01:30:18,266 [INFO] PluginManage:356 - Loaded plugin power (category:power,tabindex:4)
2023-06-29 01:30:18,267 [INFO] PluginManage:307 - Check plugin projectmanager
2023-06-29 01:30:18,280 [INFO] PluginManage:356 - Loaded plugin projectmanager (category:projectmanager,tabindex:3)
2023-06-29 01:30:18,280 [INFO] PluginManage:307 - Check plugin thirdparty
2023-06-29 01:30:18,487 [WARN] IntegrityCheckThread:82 - waiting for thirdparty lock release [integrity check]
2023-06-29 01:30:18,488 [INFO] PluginManage:356 - Loaded plugin thirdparty (category:base,tabindex:-1)
2023-06-29 01:30:18,489 [INFO] IntegrityCheckThread:84 - entering critical section [integrity check]
2023-06-29 01:30:18,489 [INFO] PluginManage:307 - Check plugin tools
2023-06-29 01:30:18,491 [INFO] ThirdPartyUpdaterWithRetryManager:70 - Updater plugin not ready yet. [1/15]
2023-06-29 01:30:18,512 [INFO] PluginManage:356 - Loaded plugin tools (category:base,tabindex:7)
2023-06-29 01:30:18,513 [INFO] PluginManage:307 - Check plugin tutovideos
2023-06-29 01:30:18,707 [INFO] PluginManage:356 - Loaded plugin tutovideos (category:base,tabindex:-1)
2023-06-29 01:30:18,708 [INFO] PluginManage:307 - Check plugin updater
2023-06-29 01:30:18,723 [INFO] PluginManage:356 - Loaded plugin updater (category:base,tabindex:12)
2023-06-29 01:30:18,724 [INFO] PluginManage:280 - PluginManage : Loaded plugins [15]
2023-06-29 01:30:18,975 [INFO] PinOutPanel:1477 - setPackage(No Configuration,No Configuration)
2023-06-29 01:30:19,034 [INFO] CADModel:164 - CPN selected for project level
2023-06-29 01:30:19,035 [INFO] CADModel:113 - Register for checkConnection events
2023-06-29 01:30:19,059 [INFO] IPUIPlugin:79 - create IPUIPlugin
2023-06-29 01:30:19,059 [INFO] PluginManager:219 - loadIPPluginJar : add adc
2023-06-29 01:30:19,085 [INFO] IPUIPlugin:79 - create IPUIPlugin
2023-06-29 01:30:19,085 [INFO] PluginManager:219 - loadIPPluginJar : add aes
2023-06-29 01:30:19,127 [INFO] IPUIPlugin:79 - create IPUIPlugin
2023-06-29 01:30:19,128 [INFO] PluginManager:219 - loadIPPluginJar : add can
2023-06-29 01:30:19,144 [INFO] IPUIPlugin:79 - create IPUIPlugin
2023-06-29 01:30:19,144 [INFO] PluginManager:219 - loadIPPluginJar : add comp
2023-06-29 01:30:19,167 [INFO] IPUIPlugin:79 - create IPUIPlugin
2023-06-29 01:30:19,168 [INFO] PluginManager:219 - loadIPPluginJar : add cryp
2023-06-29 01:30:19,189 [INFO] IPUIPlugin:79 - create IPUIPlugin
2023-06-29 01:30:19,189 [INFO] PluginManager:219 - loadIPPluginJar : add dfsdm
2023-06-29 01:30:19,206 [INFO] IPUIPlugin:79 - create IPUIPlugin
2023-06-29 01:30:19,207 [INFO] PluginManager:219 - loadIPPluginJar : add dma
2023-06-29 01:30:19,239 [INFO] IPUIPlugin:79 - create IPUIPlugin
2023-06-29 01:30:19,240 [INFO] PluginManager:219 - loadIPPluginJar : add dma3
2023-06-29 01:30:19,255 [INFO] IPUIPlugin:79 - create IPUIPlugin
2023-06-29 01:30:19,255 [INFO] PluginManager:219 - loadIPPluginJar : add fatfs
2023-06-29 01:30:19,287 [INFO] IPUIPlugin:79 - create IPUIPlugin
2023-06-29 01:30:19,287 [INFO] PluginManager:219 - loadIPPluginJar : add fmc
2023-06-29 01:30:19,299 [INFO] IPUIPlugin:79 - create IPUIPlugin
2023-06-29 01:30:19,299 [INFO] PluginManager:219 - loadIPPluginJar : add freertos
2023-06-29 01:30:19,312 [INFO] IPUIPlugin:79 - create IPUIPlugin
2023-06-29 01:30:19,312 [INFO] PluginManager:219 - loadIPPluginJar : add genericplugin
2023-06-29 01:30:19,371 [INFO] IPUIPlugin:79 - create IPUIPlugin
2023-06-29 01:30:19,371 [INFO] PluginManager:219 - loadIPPluginJar : add gfxmmu
2023-06-29 01:30:19,474 [INFO] IPUIPlugin:79 - create IPUIPlugin
2023-06-29 01:30:19,474 [INFO] PluginManager:219 - loadIPPluginJar : add gic
2023-06-29 01:30:19,486 [INFO] IPUIPlugin:79 - create IPUIPlugin
2023-06-29 01:30:19,486 [INFO] PluginManager:219 - loadIPPluginJar : add gpio
2023-06-29 01:30:19,541 [INFO] IPUIPlugin:79 - create IPUIPlugin
2023-06-29 01:30:19,541 [INFO] PluginManager:219 - loadIPPluginJar : add gtzc
2023-06-29 01:30:19,562 [INFO] IPUIPlugin:79 - create IPUIPlugin
2023-06-29 01:30:19,562 [INFO] PluginManager:219 - loadIPPluginJar : add hash
2023-06-29 01:30:19,595 [INFO] IPUIPlugin:79 - create IPUIPlugin
2023-06-29 01:30:19,595 [INFO] PluginManager:219 - loadIPPluginJar : add i2c
2023-06-29 01:30:19,621 [INFO] IPUIPlugin:79 - create IPUIPlugin
2023-06-29 01:30:19,621 [INFO] PluginManager:219 - loadIPPluginJar : add i2s
2023-06-29 01:30:19,699 [INFO] IPUIPlugin:79 - create IPUIPlugin
2023-06-29 01:30:19,699 [INFO] PluginManager:219 - loadIPPluginJar : add ipddr
2023-06-29 01:30:19,758 [INFO] IPUIPlugin:79 - create IPUIPlugin
2023-06-29 01:30:19,758 [INFO] PluginManager:219 - loadIPPluginJar : add linkedlist
2023-06-29 01:30:19,782 [INFO] IPUIPlugin:79 - create IPUIPlugin
2023-06-29 01:30:19,782 [INFO] PluginManager:219 - loadIPPluginJar : add lorawan
2023-06-29 01:30:19,806 [INFO] IPUIPlugin:79 - create IPUIPlugin
2023-06-29 01:30:19,806 [INFO] PluginManager:219 - loadIPPluginJar : add ltdc
2023-06-29 01:30:19,818 [INFO] IPUIPlugin:79 - create IPUIPlugin
2023-06-29 01:30:19,818 [INFO] PluginManager:219 - loadIPPluginJar : add mdma
2023-06-29 01:30:19,826 [INFO] IPUIPlugin:79 - create IPUIPlugin
2023-06-29 01:30:19,826 [INFO] PluginManager:219 - loadIPPluginJar : add nvic
2023-06-29 01:30:19,850 [INFO] IPUIPlugin:79 - create IPUIPlugin
2023-06-29 01:30:19,850 [INFO] PluginManager:219 - loadIPPluginJar : add opamp
2023-06-29 01:30:19,888 [INFO] IPUIPlugin:79 - create IPUIPlugin
2023-06-29 01:30:19,888 [INFO] PluginManager:219 - loadIPPluginJar : add openamp
2023-06-29 01:30:19,915 [INFO] IPUIPlugin:79 - create IPUIPlugin
2023-06-29 01:30:19,916 [INFO] PluginManager:219 - loadIPPluginJar : add pdm2pcm
2023-06-29 01:30:19,928 [INFO] IPUIPlugin:79 - create IPUIPlugin
2023-06-29 01:30:19,930 [INFO] PluginManager:219 - loadIPPluginJar : add plateformsettings
2023-06-29 01:30:19,944 [INFO] IPUIPlugin:79 - create IPUIPlugin
2023-06-29 01:30:19,944 [INFO] PluginManager:219 - loadIPPluginJar : add quadspi
2023-06-29 01:30:19,955 [INFO] IPUIPlugin:79 - create IPUIPlugin
2023-06-29 01:30:19,955 [INFO] PluginManager:219 - loadIPPluginJar : add resmgrutility
2023-06-29 01:30:19,989 [INFO] IPUIPlugin:79 - create IPUIPlugin
2023-06-29 01:30:19,989 [INFO] PluginManager:219 - loadIPPluginJar : add sai
2023-06-29 01:30:20,012 [INFO] IPUIPlugin:79 - create IPUIPlugin
2023-06-29 01:30:20,012 [INFO] PluginManager:219 - loadIPPluginJar : add spi
2023-06-29 01:30:20,047 [INFO] IPUIPlugin:79 - create IPUIPlugin
2023-06-29 01:30:20,047 [INFO] PluginManager:219 - loadIPPluginJar : add stm32_wpan
2023-06-29 01:30:20,062 [INFO] IPUIPlugin:79 - create IPUIPlugin
2023-06-29 01:30:20,062 [INFO] PluginManager:219 - loadIPPluginJar : add tim
2023-06-29 01:30:20,098 [INFO] IPUIPlugin:79 - create IPUIPlugin
2023-06-29 01:30:20,099 [INFO] PluginManager:219 - loadIPPluginJar : add touchsensing
2023-06-29 01:30:20,115 [INFO] IPUIPlugin:79 - create IPUIPlugin
2023-06-29 01:30:20,115 [INFO] PluginManager:219 - loadIPPluginJar : add tracer_emb
2023-06-29 01:30:20,130 [INFO] IPUIPlugin:79 - create IPUIPlugin
2023-06-29 01:30:20,130 [INFO] PluginManager:219 - loadIPPluginJar : add ts
2023-06-29 01:30:20,144 [INFO] IPUIPlugin:79 - create IPUIPlugin
2023-06-29 01:30:20,144 [INFO] PluginManager:219 - loadIPPluginJar : add tsc
2023-06-29 01:30:20,158 [INFO] IPUIPlugin:79 - create IPUIPlugin
2023-06-29 01:30:20,158 [INFO] PluginManager:219 - loadIPPluginJar : add ucpd
2023-06-29 01:30:20,189 [INFO] IPUIPlugin:79 - create IPUIPlugin
2023-06-29 01:30:20,189 [INFO] PluginManager:219 - loadIPPluginJar : add usart
2023-06-29 01:30:20,217 [INFO] IPUIPlugin:79 - create IPUIPlugin
2023-06-29 01:30:20,217 [INFO] PluginManager:219 - loadIPPluginJar : add usbx
2023-06-29 01:30:20,342 [INFO] CADModel:164 - CPN selected for project level
2023-06-29 01:30:20,342 [INFO] CADModel:113 - Register for checkConnection events
2023-06-29 01:30:20,343 [FATAL] Updater:308 - Updater called before beeing initialized
2023-06-29 01:30:20,344 [ERROR] CADModel:124 - Updater not yet initialized, retry later 
2023-06-29 01:30:20,517 [INFO] CADModel:164 - CPN selected for project level
2023-06-29 01:30:20,518 [INFO] CADModel:113 - Register for checkConnection events
2023-06-29 01:30:20,519 [FATAL] Updater:308 - Updater called before beeing initialized
2023-06-29 01:30:20,519 [ERROR] CADModel:124 - Updater not yet initialized, retry later 
2023-06-29 01:30:20,523 [FATAL] Updater:308 - Updater called before beeing initialized
2023-06-29 01:30:20,633 [FATAL] Updater:308 - Updater called before beeing initialized
2023-06-29 01:30:20,641 [INFO] DbMcusAds:52 - JSON generation date=Tue Mar 07 09:50:55 CET 2023 (1678179055335)
2023-06-29 01:30:20,641 [FATAL] Updater:308 - Updater called before beeing initialized
2023-06-29 01:30:20,705 [WARN] DetailPanel:344 - Failed to get advertising image, set to default
2023-06-29 01:30:20,811 [FATAL] Updater:308 - Updater called before beeing initialized
2023-06-29 01:30:20,813 [FATAL] Updater:308 - Updater called before beeing initialized
2023-06-29 01:30:20,814 [FATAL] Updater:308 - Updater called before beeing initialized
2023-06-29 01:30:20,814 [WARN] DetailPanel:344 - Failed to get advertising image, set to default
2023-06-29 01:30:20,815 [FATAL] Updater:308 - Updater called before beeing initialized
2023-06-29 01:30:20,874 [ERROR] Updater:1120 - MainUpdater not yet initialized. External WinMGr cannot be set.
2023-06-29 01:30:20,883 [INFO] Updater:1056 - Updater Version found : 6.7.0
2023-06-29 01:30:20,900 [INFO] ApplicationProperties:181 - Using Application install path: C:\ST\STM32CubeIDE_1.9.0\STM32CubeIDE\plugins\com.st.stm32cube.common.mx_6.7.0.202301130839
2023-06-29 01:30:20,974 [INFO] MainUpdater:518 - Copy updater definitions from MX database
2023-06-29 01:30:21,121 [INFO] MainUpdater:2800 - connection check result : 10
2023-06-29 01:30:21,122 [INFO] MainUpdater:3494 - Updater definition file requires update
2023-06-29 01:30:21,123 [INFO] MainUpdater:282 - Updater Check For Update Now.
2023-06-29 01:30:21,123 [INFO] MicroXplorer:481 - Change Database Version : DB.6.0.70
2023-06-29 01:30:21,161 [INFO] ServerAccessManage:474 - Download File updaters.zip
2023-06-29 01:30:21,218 [INFO] FileExtend:239 - Unzip File : updaters.zip
2023-06-29 01:30:21,218 [INFO] FileExtend:254 - Standard Zip Deflate
2023-06-29 01:30:21,508 [WARN] MainUpdater:1186 - Updater busy. Cannot search thirdparties
2023-06-29 01:30:21,508 [INFO] ThirdPartyUpdaterWithRetryManager:96 - Updater plugin is busy. [1/15]
2023-06-29 01:30:21,532 [INFO] ServerAccessManage:474 - Download File PacksControlFlags.xml
2023-06-29 01:30:21,588 [INFO] ServerAccessManage:474 - Download File cubemx.pidx
2023-06-29 01:30:21,930 [INFO] ServerAccessManage:474 - Download File STMicroelectronics.FP-SNS-MOTENV1.pdsc
2023-06-29 01:30:22,401 [INFO] ServerAccessManage:474 - Download File STMicroelectronics.X-CUBE-TOUCHGFX.pdsc
2023-06-29 01:30:23,373 [WARN] PackLoader:242 - Cannot read IP mode file for STMicroelectronics.FP-SNS-MOTENV1.4.3.2
2023-06-29 01:30:23,389 [WARN] PackLoader:242 - Cannot read IP mode file for STMicroelectronics.X-CUBE-TOUCHGFX.4.22.0
2023-06-29 01:30:23,390 [INFO] PopulateThirdPartyThread:64 - Ending populate Thread
2023-06-29 01:30:23,395 [INFO] ThirdParty:999 - CMSIS Pack Vendor :STMicroelectronics FP-SNS-MOTENV1 4.3.2
2023-06-29 01:30:23,395 [INFO] ThirdParty:999 - CMSIS Pack Vendor :STMicroelectronics X-CUBE-TOUCHGFX 4.22.0
2023-06-29 01:30:23,396 [INFO] LoadServerUpdatesThread:367 - End of LoadServerUpdate Thread
2023-06-29 01:30:23,489 [INFO] CheckServerUpdateThread:119 - End of CheckServer Thread
2023-06-29 01:30:23,611 [INFO] MainUpdater:2800 - connection check result : 10
2023-06-29 01:30:23,622 [INFO] MainUpdater:2800 - connection check result : 10
2023-06-29 01:30:23,751 [INFO] MicroXplorer:451 - Change Database Path : 
2023-06-29 01:30:23,751 [INFO] MicroXplorer:481 - Change Database Version : DB.6.0.70
2023-06-29 01:30:23,751 [WARN] ThirdParty:845 - waiting for thirdparty lock release [close project]
2023-06-29 01:30:24,635 [WARN] PackLoader:242 - Cannot read IP mode file for STMicroelectronics.X-CUBE-SMBUS.2.1.0
2023-06-29 01:30:24,687 [WARN] PackLoader:242 - Cannot read IP mode file for STMicroelectronics.X-CUBE-AZRTOS-F7.1.1.0
2023-06-29 01:30:24,694 [WARN] PackLoader:242 - Cannot read IP mode file for STMicroelectronics.FP-SNS-MOTENV1.4.3.2
2023-06-29 01:30:24,705 [ERROR] RealEvaluatedCondition:430 - Found unsupported composite condition: CLASS='Data Exchange' GROUP='STM32_MetaDataManager'
2023-06-29 01:30:24,705 [ERROR] RealEvaluatedCondition:430 - Found unsupported composite condition: GROUP='STM32_MetaDataManager' CLASS='Data Exchange'
2023-06-29 01:30:24,706 [WARN] PackLoader:242 - Cannot read IP mode file for STMicroelectronics.FP-SNS-MOTENV1.4.3.1
2023-06-29 01:30:24,712 [WARN] PackLoader:242 - Cannot read IP mode file for STMicroelectronics.FP-SNS-FLIGHT1.5.0.1
2023-06-29 01:30:24,722 [WARN] PackLoader:242 - Cannot read IP mode file for STMicroelectronics.X-CUBE-BLE1.6.2.4
2023-06-29 01:30:24,734 [WARN] PackLoader:242 - Cannot read IP mode file for STMicroelectronics.X-CUBE-DISPLAY.3.0.0
2023-06-29 01:30:24,741 [WARN] PackLoader:242 - Cannot read IP mode file for STMicroelectronics.X-CUBE-TOUCHGFX.4.22.0
2023-06-29 01:30:24,760 [INFO] LogOutputStream:76 - [STDOUT_REDIRECT] 1 : Invalid condition id : UX_CORESTACK_Condition cause : null
2023-06-29 01:30:24,762 [INFO] LogOutputStream:76 - [STDOUT_REDIRECT] 1 : Invalid condition id : UX_CORESTACK_Condition cause : null
2023-06-29 01:30:24,764 [INFO] LogOutputStream:76 - [STDOUT_REDIRECT] 1 : Invalid condition id : UX_CORESTACK_Condition cause : null
2023-06-29 01:30:24,765 [INFO] LogOutputStream:76 - [STDOUT_REDIRECT] 1 : Invalid condition id : UX_CORESTACK_Condition cause : null
2023-06-29 01:30:24,765 [INFO] LogOutputStream:76 - [STDOUT_REDIRECT] 1 : Invalid condition id : UX_CORESTACK_Condition cause : null
2023-06-29 01:30:24,768 [WARN] PackLoader:242 - Cannot read IP mode file for STMicroelectronics.X-CUBE-AZRTOS-WL.2.0.0
2023-06-29 01:30:24,781 [WARN] PackLoader:242 - Cannot read IP mode file for WES.I-CUBE-Cesium.1.3.0
2023-06-29 01:30:24,791 [WARN] PackLoader:242 - Cannot read IP mode file for STMicroelectronics.X-CUBE-BLE2.3.3.0
2023-06-29 01:30:24,807 [WARN] PackLoader:242 - Cannot read IP mode file for STMicroelectronics.X-CUBE-TOF1.3.2.0
2023-06-29 01:30:24,820 [WARN] PackLoader:242 - Cannot read IP mode file for STMicroelectronics.X-CUBE-TOUCHGFX.4.21.1
2023-06-29 01:30:24,828 [WARN] PackLoader:242 - Cannot read IP mode file for STMicroelectronics.X-CUBE-TOUCHGFX.4.21.3
2023-06-29 01:30:24,835 [WARN] PackLoader:242 - Cannot read IP mode file for STMicroelectronics.X-CUBE-TOUCHGFX.4.21.4
2023-06-29 01:30:24,843 [WARN] PackLoader:242 - Cannot read IP mode file for STMicroelectronics.X-CUBE-AI.7.3.0
2023-06-29 01:30:24,853 [WARN] PackLoader:242 - Cannot read IP mode file for STMicroelectronics.X-CUBE-ALGOBUILD.1.3.0
2023-06-29 01:30:24,874 [WARN] PackLoader:242 - Cannot read IP mode file for STMicroelectronics.X-CUBE-AZRTOS-G0.1.1.0
2023-06-29 01:30:24,887 [WARN] PackLoader:242 - Cannot read IP mode file for STMicroelectronics.X-CUBE-NFC4.3.0.0
2023-06-29 01:30:24,899 [WARN] PackLoader:242 - Cannot read IP mode file for STMicroelectronics.X-CUBE-BLEMGR.1.3.0
2023-06-29 01:30:24,904 [WARN] PackLoader:242 - Cannot read IP mode file for STMicroelectronics.FP-ATR-SIGFOX1.3.2.0
2023-06-29 01:30:24,958 [WARN] PackLoader:242 - Cannot read IP mode file for STMicroelectronics.X-CUBE-MEMS1.9.5.0
2023-06-29 01:30:25,122 [WARN] PackLoader:242 - Cannot read IP mode file for SEGGER.I-CUBE-embOS.1.3.1
2023-06-29 01:30:25,175 [WARN] PackLoader:242 - Cannot read IP mode file for STMicroelectronics.X-CUBE-GNSS1.6.0.0
2023-06-29 01:30:25,227 [WARN] PackLoader:242 - Cannot read IP mode file for STMicroelectronics.X-CUBE-AZRTOS-F4.1.1.0
2023-06-29 01:30:25,283 [WARN] PackLoader:242 - Cannot read IP mode file for STMicroelectronics.X-CUBE-MEMS1.9.6.0
2023-06-29 01:30:25,447 [WARN] PackLoader:242 - Cannot read IP mode file for emotas.I-CUBE-CANOPEN.1.1.3
2023-06-29 01:30:25,459 [WARN] PackLoader:242 - Cannot read IP mode file for STMicroelectronics.X-CUBE-BLEMGR.2.0.0
2023-06-29 01:30:25,481 [WARN] ConditionMgr:437 - getConditionDescription Invalid condition id : UX DEVICE CLASS RTOS Condition cause : null
2023-06-29 01:30:25,481 [WARN] ConditionMgr:437 - getConditionDescription Invalid condition id : UX DEVICE CLASS RTOS Condition cause : null
2023-06-29 01:30:25,484 [WARN] PackLoader:242 - Cannot read IP mode file for STMicroelectronics.X-CUBE-AZRTOS-H7.3.1.0
2023-06-29 01:30:25,485 [WARN] ConditionMgr:1038 - genDependencies : Invalid condition id : UX DEVICE CLASS RTOS Condition cause : null
2023-06-29 01:30:25,485 [WARN] ConditionMgr:1038 - genDependencies : Invalid condition id : UX DEVICE CLASS RTOS Condition cause : null
2023-06-29 01:30:25,485 [WARN] ConditionMgr:1038 - genDependencies : Invalid condition id : UX DEVICE CLASS RTOS Condition cause : null
2023-06-29 01:30:25,485 [WARN] ConditionMgr:1038 - genDependencies : Invalid condition id : UX DEVICE CLASS RTOS Condition cause : null
2023-06-29 01:30:25,486 [WARN] ConditionMgr:1038 - genDependencies : Invalid condition id : UX DEVICE CLASS RTOS Condition cause : null
2023-06-29 01:30:25,495 [WARN] PackLoader:242 - Cannot read IP mode file for wolfSSL.I-CUBE-wolfSSL.5.5.4
2023-06-29 01:30:25,504 [WARN] PackLoader:242 - Cannot read IP mode file for STMicroelectronics.X-CUBE-NFC7.1.0.1
2023-06-29 01:30:25,513 [WARN] PackLoader:242 - Cannot read IP mode file for STMicroelectronics.X-CUBE-NFC7.1.0.0
2023-06-29 01:30:25,523 [WARN] PackLoader:242 - Cannot read IP mode file for STMicroelectronics.X-CUBE-EEPRMA1.4.1.0
2023-06-29 01:30:25,547 [WARN] ConditionMgr:437 - getConditionDescription Invalid condition id : LAN8742 Phy interface Condition cause : null
2023-06-29 01:30:25,547 [WARN] PackLoader:242 - Cannot read IP mode file for STMicroelectronics.X-CUBE-AZRTOS-L4.2.0.0
2023-06-29 01:30:25,548 [WARN] ConditionMgr:1038 - genDependencies : Invalid condition id : LAN8742 Phy interface Condition cause : null
2023-06-29 01:30:25,548 [WARN] ConditionMgr:1038 - genDependencies : Invalid condition id : LAN8742 Phy interface Condition cause : null
2023-06-29 01:30:25,548 [WARN] ConditionMgr:1038 - genDependencies : Invalid condition id : LAN8742 Phy interface Condition cause : null
2023-06-29 01:30:25,559 [WARN] PackLoader:242 - Cannot read IP mode file for STMicroelectronics.X-CUBE-SFXS2LP1.4.0.0
2023-06-29 01:30:25,589 [WARN] PackLoader:242 - Cannot read IP mode file for STMicroelectronics.X-CUBE-AZRTOS-H7.3.0.0
2023-06-29 01:30:25,600 [WARN] PackLoader:242 - Cannot read IP mode file for STMicroelectronics.X-CUBE-ISPU.1.1.0
2023-06-29 01:30:25,612 [WARN] PackLoader:242 - Cannot read IP mode file for RoweBots.I-CUBE-UNISONRTOS.5.5.0-4
2023-06-29 01:30:25,620 [WARN] PackLoader:242 - Cannot read IP mode file for STMicroelectronics.X-CUBE-AI.8.0.0
2023-06-29 01:30:25,629 [WARN] PackLoader:242 - Cannot read IP mode file for STMicroelectronics.X-CUBE-FREERTOS.1.0.0
2023-06-29 01:30:25,638 [WARN] PackLoader:242 - Cannot read IP mode file for STMicroelectronics.X-CUBE-FREERTOS.1.0.1
2023-06-29 01:30:25,657 [WARN] PackLoader:242 - Cannot read IP mode file for STMicroelectronics.X-CUBE-AZRTOS-L5.1.1.0
2023-06-29 01:30:25,668 [WARN] PackLoader:242 - Cannot read IP mode file for STMicroelectronics.X-CUBE-AI.8.0.1
2023-06-29 01:30:25,683 [WARN] PackLoader:242 - Cannot read IP mode file for STMicroelectronics.X-CUBE-SUBG2.5.0.0
2023-06-29 01:30:25,705 [WARN] PackLoader:242 - Cannot read IP mode file for STMicroelectronics.X-CUBE-AZRTOS-G4.2.0.0
2023-06-29 01:30:25,719 [WARN] PackLoader:242 - Cannot read IP mode file for STMicroelectronics.X-CUBE-TOF1.3.3.0
2023-06-29 01:30:25,733 [WARN] PackLoader:242 - Cannot read IP mode file for STMicroelectronics.FP-ATR-ASTRA1.1.1.1
2023-06-29 01:30:25,749 [WARN] PackLoader:242 - Cannot read IP mode file for STMicroelectronics.X-CUBE-AZRTOS-G4.1.0.0
2023-06-29 01:30:25,768 [WARN] PackLoader:242 - Cannot read IP mode file for STMicroelectronics.X-CUBE-AZRTOS-L4.1.0.0
2023-06-29 01:30:25,784 [WARN] PackLoader:242 - Cannot read IP mode file for STMicroelectronics.X-CUBE-AZRTOS-WL.1.0.0
2023-06-29 01:30:25,794 [WARN] PackLoader:242 - Cannot read IP mode file for portGmbH.I-Cube-SoM-uGOAL.1.1.0
2023-06-29 01:30:25,803 [WARN] PackLoader:242 - Cannot read IP mode file for STMicroelectronics.X-CUBE-ALS.1.0.1
2023-06-29 01:30:25,820 [WARN] PackLoader:242 - Cannot read IP mode file for STMicroelectronics.X-CUBE-AZRTOS-WB.1.1.0
2023-06-29 01:30:25,823 [WARN] PackLoader:242 - Cannot read IP mode file for STMicroelectronics.FP-ATR-ASTRA1.2.0.0
2023-06-29 01:30:25,824 [INFO] ThirdParty:947 - Integrity check success = true
2023-06-29 01:30:25,824 [INFO] IntegrityCheckThread:98 - exiting critical section [integrity check]
2023-06-29 01:30:25,824 [INFO] IntegrityCheckThread:101 - End integrity checks thread
2023-06-29 01:30:25,824 [INFO] ThirdParty:847 - entering critical section [close project]
2023-06-29 01:30:25,826 [INFO] ThirdParty:857 - exiting critical section [close project]
2023-06-29 01:30:25,829 [INFO] PinOutPanel:1477 - setPackage(No Configuration,No Configuration)
2023-06-29 01:30:25,834 [INFO] UtilMem:74 - Begin LoadConfig() Used Memory: 491774344 Bytes (609222656)
2023-06-29 01:30:25,835 [INFO] MicroXplorer:451 - Change Database Path : 
2023-06-29 01:30:25,835 [INFO] MicroXplorer:481 - Change Database Version : DB.6.0.70
2023-06-29 01:30:25,835 [INFO] OpenFileManager:307 - Change cursor
2023-06-29 01:30:25,867 [INFO] Mcu:1925 - Initializing MCU STM32F411R(C-E)Tx STM32F411RETx STM32F411RET6
2023-06-29 01:30:27,047 [INFO] Context:654 - Trying to add GPIOservice into a context  which must be forbidden
2023-06-29 01:30:27,602 [INFO] RtosManager:489 - Registered RTOS mode: class=CMSIS, group=RTOS, mode=CMSIS_V1, owner=FREERTOS
2023-06-29 01:30:27,602 [INFO] RtosManager:489 - Registered RTOS mode: class=CMSIS, group=RTOS2, mode=CMSIS_V2, owner=FREERTOS
2023-06-29 01:30:27,602 [INFO] RtosManager:489 - Registered RTOS mode: class=RTOS, group=Core, mode=CMSIS_V1, owner=FREERTOS
2023-06-29 01:30:27,602 [INFO] RtosManager:489 - Registered RTOS mode: class=RTOS, group=Core, mode=CMSIS_V2, owner=FREERTOS
2023-06-29 01:30:27,602 [WARN] ModelIntegratedComponent:185 - Missing modes for component STMicroelectronics:FreeRTOS:0.0.1:STMicroelectronics:RTOS:FreeRTOS:Core:::10.2.0:
2023-06-29 01:30:27,607 [WARN] ModelIntegratedComponent:183 - Modes not found for component STMicroelectronics:USB_HOST:1.0.0:STMicroelectronics:USB::USB Host:Audio HS::1.0:USB_HOST_1_0_RESTRICTED_HS
2023-06-29 01:30:27,608 [WARN] ModelIntegratedComponent:189 - Modes not found for component STMicroelectronics:USB_HOST:1.0.0:STMicroelectronics:USB::USB Host:Audio HS::1.0:USB_HOST_1_0_RESTRICTED_HS
2023-06-29 01:30:27,608 [WARN] ModelIntegratedComponent:183 - Modes not found for component STMicroelectronics:USB_HOST:1.0.0:STMicroelectronics:USB::USB Host:CDC HS::1.0:USB_HOST_1_0_RESTRICTED_HS
2023-06-29 01:30:27,608 [WARN] ModelIntegratedComponent:189 - Modes not found for component STMicroelectronics:USB_HOST:1.0.0:STMicroelectronics:USB::USB Host:CDC HS::1.0:USB_HOST_1_0_RESTRICTED_HS
2023-06-29 01:30:27,608 [WARN] ModelIntegratedComponent:183 - Modes not found for component STMicroelectronics:USB_HOST:1.0.0:STMicroelectronics:USB::USB Host:MSC HS::1.0:USB_HOST_1_0_RESTRICTED_HS
2023-06-29 01:30:27,608 [WARN] ModelIntegratedComponent:189 - Modes not found for component STMicroelectronics:USB_HOST:1.0.0:STMicroelectronics:USB::USB Host:MSC HS::1.0:USB_HOST_1_0_RESTRICTED_HS
2023-06-29 01:30:27,608 [WARN] ModelIntegratedComponent:183 - Modes not found for component STMicroelectronics:USB_HOST:1.0.0:STMicroelectronics:USB::USB Host:HID HS::1.0:USB_HOST_1_0_RESTRICTED_HS
2023-06-29 01:30:27,608 [WARN] ModelIntegratedComponent:189 - Modes not found for component STMicroelectronics:USB_HOST:1.0.0:STMicroelectronics:USB::USB Host:HID HS::1.0:USB_HOST_1_0_RESTRICTED_HS
2023-06-29 01:30:27,608 [WARN] ModelIntegratedComponent:183 - Modes not found for component STMicroelectronics:USB_HOST:1.0.0:STMicroelectronics:USB::USB Host:MTP HS::1.0:USB_HOST_1_0_RESTRICTED_HS
2023-06-29 01:30:27,608 [WARN] ModelIntegratedComponent:189 - Modes not found for component STMicroelectronics:USB_HOST:1.0.0:STMicroelectronics:USB::USB Host:MTP HS::1.0:USB_HOST_1_0_RESTRICTED_HS
2023-06-29 01:30:27,619 [WARN] ModelIntegratedComponent:64 - No mode defined for component null
2023-06-29 01:30:27,619 [WARN] ModelIntegratedComponent:64 - No mode defined for component null
2023-06-29 01:30:27,619 [WARN] ModelIntegratedComponent:64 - No mode defined for component null
2023-06-29 01:30:27,619 [WARN] ModelIntegratedComponent:64 - No mode defined for component null
2023-06-29 01:30:27,619 [WARN] ModelIntegratedComponent:64 - No mode defined for component null
2023-06-29 01:30:27,619 [WARN] ModelIntegratedComponent:64 - No mode defined for component null
2023-06-29 01:30:27,619 [WARN] ModelIntegratedComponent:64 - No mode defined for component null
2023-06-29 01:30:27,619 [WARN] ModelIntegratedComponent:64 - No mode defined for component null
2023-06-29 01:30:27,620 [WARN] ModelIntegratedComponent:64 - No mode defined for component null
2023-06-29 01:30:27,620 [WARN] ModelIntegratedComponent:64 - No mode defined for component null
2023-06-29 01:30:27,620 [WARN] ModelIntegratedComponent:64 - No mode defined for component null
2023-06-29 01:30:27,620 [WARN] ModelIntegratedComponent:64 - No mode defined for component null
2023-06-29 01:30:27,620 [WARN] ModelIntegratedComponent:64 - No mode defined for component null
2023-06-29 01:30:27,620 [WARN] ModelIntegratedComponent:64 - No mode defined for component null
2023-06-29 01:30:27,620 [WARN] ModelIntegratedComponent:64 - No mode defined for component null
2023-06-29 01:30:27,620 [WARN] ModelIntegratedComponent:64 - No mode defined for component null
2023-06-29 01:30:27,620 [WARN] ModelIntegratedComponent:64 - No mode defined for component null
2023-06-29 01:30:27,620 [WARN] ModelIntegratedComponent:64 - No mode defined for component null
2023-06-29 01:30:27,620 [WARN] ModelIntegratedComponent:64 - No mode defined for component null
2023-06-29 01:30:27,620 [WARN] ModelIntegratedComponent:64 - No mode defined for component null
2023-06-29 01:30:27,620 [WARN] ModelIntegratedComponent:64 - No mode defined for component null
2023-06-29 01:30:27,621 [WARN] ModelIntegratedComponent:64 - No mode defined for component null
2023-06-29 01:30:27,621 [WARN] ModelIntegratedComponent:64 - No mode defined for component null
2023-06-29 01:30:27,621 [WARN] ModelIntegratedComponent:64 - No mode defined for component null
2023-06-29 01:30:27,621 [WARN] ModelIntegratedComponent:64 - No mode defined for component null
2023-06-29 01:30:27,621 [WARN] ModelIntegratedComponent:64 - No mode defined for component null
2023-06-29 01:30:27,621 [WARN] ModelIntegratedComponent:64 - No mode defined for component null
2023-06-29 01:30:27,621 [WARN] ModelIntegratedComponent:64 - No mode defined for component null
2023-06-29 01:30:27,621 [WARN] ModelIntegratedComponent:64 - No mode defined for component null
2023-06-29 01:30:27,621 [WARN] ModelIntegratedComponent:64 - No mode defined for component null
2023-06-29 01:30:27,621 [WARN] ModelIntegratedComponent:64 - No mode defined for component null
2023-06-29 01:30:27,621 [WARN] ModelIntegratedComponent:64 - No mode defined for component null
2023-06-29 01:30:27,621 [WARN] ModelIntegratedComponent:64 - No mode defined for component null
2023-06-29 01:30:27,699 [WARN] ModelIntegratedComponent:183 - Modes not found for component STMicroelectronics:USB_DEVICE:1.0.0:STMicroelectronics:USB::USB Device:Audio HS::1.0:USB_DEVICE_1_0_RESTRICTED_HS
2023-06-29 01:30:27,699 [WARN] ModelIntegratedComponent:189 - Modes not found for component STMicroelectronics:USB_DEVICE:1.0.0:STMicroelectronics:USB::USB Device:Audio HS::1.0:USB_DEVICE_1_0_RESTRICTED_HS
2023-06-29 01:30:27,700 [WARN] ModelIntegratedComponent:183 - Modes not found for component STMicroelectronics:USB_DEVICE:1.0.0:STMicroelectronics:USB::USB Device:CDC HS::1.0:USB_DEVICE_1_0_RESTRICTED_HS
2023-06-29 01:30:27,700 [WARN] ModelIntegratedComponent:189 - Modes not found for component STMicroelectronics:USB_DEVICE:1.0.0:STMicroelectronics:USB::USB Device:CDC HS::1.0:USB_DEVICE_1_0_RESTRICTED_HS
2023-06-29 01:30:27,700 [WARN] ModelIntegratedComponent:183 - Modes not found for component STMicroelectronics:USB_DEVICE:1.0.0:STMicroelectronics:USB::USB Device:DFU HS::1.0:USB_DEVICE_1_0_RESTRICTED_HS
2023-06-29 01:30:27,700 [WARN] ModelIntegratedComponent:189 - Modes not found for component STMicroelectronics:USB_DEVICE:1.0.0:STMicroelectronics:USB::USB Device:DFU HS::1.0:USB_DEVICE_1_0_RESTRICTED_HS
2023-06-29 01:30:27,700 [WARN] ModelIntegratedComponent:183 - Modes not found for component STMicroelectronics:USB_DEVICE:1.0.0:STMicroelectronics:USB::USB Device:HID HS::1.0:USB_DEVICE_1_0_RESTRICTED_HS
2023-06-29 01:30:27,700 [WARN] ModelIntegratedComponent:189 - Modes not found for component STMicroelectronics:USB_DEVICE:1.0.0:STMicroelectronics:USB::USB Device:HID HS::1.0:USB_DEVICE_1_0_RESTRICTED_HS
2023-06-29 01:30:27,700 [WARN] ModelIntegratedComponent:183 - Modes not found for component STMicroelectronics:USB_DEVICE:1.0.0:STMicroelectronics:USB::USB Device:Custom HID HS::1.0:USB_DEVICE_1_0_RESTRICTED_HS
2023-06-29 01:30:27,700 [WARN] ModelIntegratedComponent:189 - Modes not found for component STMicroelectronics:USB_DEVICE:1.0.0:STMicroelectronics:USB::USB Device:Custom HID HS::1.0:USB_DEVICE_1_0_RESTRICTED_HS
2023-06-29 01:30:27,700 [WARN] ModelIntegratedComponent:183 - Modes not found for component STMicroelectronics:USB_DEVICE:1.0.0:STMicroelectronics:USB::USB Device:MSC HS::1.0:USB_DEVICE_1_0_RESTRICTED_HS
2023-06-29 01:30:27,701 [WARN] ModelIntegratedComponent:189 - Modes not found for component STMicroelectronics:USB_DEVICE:1.0.0:STMicroelectronics:USB::USB Device:MSC HS::1.0:USB_DEVICE_1_0_RESTRICTED_HS
2023-06-29 01:30:27,723 [INFO] ThirdPartyModel:294 - Start build external matchings
2023-06-29 01:30:28,222 [INFO] ThirdPartyModel:310 - End build external matchings
2023-06-29 01:30:28,237 [INFO] RtosManager:802 - Current active RTOS is FREERTOS [Cortex-M4NS]
2023-06-29 01:30:28,491 [INFO] UtilMem:74 - End LoadConfig() Used Memory: 512003176 Bytes (609222656)
2023-06-29 01:30:28,582 [INFO] ApiDb:580 - Connected to CubeFinder SQLite database (C:\Users\XPS\.stmcufinder\plugins\mcufinder\mcu\cube-finder-db.db)
2023-06-29 01:30:28,712 [INFO] ApiDb:667 - CubeFinder database Data Model version=2.1
2023-06-29 01:30:28,712 [INFO] ApiDb:668 - CubeFinder database Configuration version=3.0.35
2023-06-29 01:30:28,712 [INFO] ApiDb:669 - CubeFinder database generation date=2023-05-12 (1683877179)
2023-06-29 01:30:28,712 [INFO] ApiDb:670 - CubeFinder database FW Pack versions=[FP-ATR-ASTRA1_V2.0.0, FP-SNS-FLIGHT1_V5.0.0, FP-SNS-MOTENV1_V4.3.0, STM32Cube_FW_C0_V1.0.1, STM32Cube_FW_F0_V1.11.4, STM32Cube_FW_F3_V1.11.4, STM32Cube_FW_F4_V1.27.1, STM32Cube_FW_F7_V1.17.0, STM32Cube_FW_G0_V1.6.1, STM32Cube_FW_G4_V1.5.1, STM32Cube_FW_H5_V0.5.1, STM32Cube_FW_H5_V1.0.0, STM32Cube_FW_H7_V1.11.0, STM32Cube_FW_L0_V1.12.2, STM32Cube_FW_L5_V1.5.0, STM32Cube_FW_U5_V1.2.0, STM32Cube_FW_WBA_V1.0.0, STM32Cube_FW_WBA_V1.0.0RC1, STM32Cube_FW_WBA_V1.0.0RC3, STM32Cube_FW_WB_V1.15.0RC1, STM32Cube_FW_WB_V1.16.0, STM32Cube_FW_WB_V1.16.0RC2, STM32Cube_FW_WL_V1.3.0, X-CUBE-ALGOBUILD_V1.3.0, X-CUBE-ALS_V1.0.1, X-CUBE-AZRTOS-F4_V1.1.0, X-CUBE-AZRTOS-F7_V1.1.0, X-CUBE-AZRTOS-G0_V1.1.0, X-CUBE-AZRTOS-G4_V2.0.0, X-CUBE-AZRTOS-H7_V3.1.0, X-CUBE-AZRTOS-L4_V1.0.0, X-CUBE-AZRTOS-L5_V1.1.0, X-CUBE-AZRTOS-WB_V1.1.0, X-CUBE-AZRTOS-WL_V1.0.0, X-CUBE-BLE1_V6.2.4, X-CUBE-BLE2_V3.3.0, X-CUBE-BLEMGR_V2.0.0, X-CUBE-EEPRMA1_V4.1.0, X-CUBE-FREERTOS_V1.0.1, X-CUBE-GNSS1_V6.0.0, X-CUBE-MEMS1_V9.1.0, X-CUBE-MEMS1_V9.4.0, X-CUBE-MEMS1_V9.6.0, X-CUBE-NFC4_V3.0.0, X-CUBE-NFC7_V1.0.0, X-CUBE-SFXS2LP1_V4.0.0, X-CUBE-SUBG2_V5.0.0]
2023-06-29 01:30:31,083 [INFO] ApiDb:239 - Found 143 in-development CPN: [B-WB1M-WPAN1, B-WL5M-SUBG1, NUCLEO-C031C6, STEVAL-PROTEUS1, STEVAL-STWINBX1, STM320518-EVAL, STM32C0116-DK, STM32C011D6Y3TR, STM32C011D6Y6TR, STM32C011F4P3, STM32C011F4P6, STM32C011F4U3, STM32C011F4U6TR, STM32C011F6P3, STM32C011F6P6, STM32C011F6U3, STM32C011F6U6TR, STM32C011J4M3, STM32C011J4M6, STM32C011J6M3, STM32C011J6M6, STM32C0316-DK, STM32C031C4T3, STM32C031C4T6, STM32C031C4U3, STM32C031C4U6, STM32C031C6T3, STM32C031C6T6, STM32C031C6U3, STM32C031C6U6, STM32C031F4P3, STM32C031F4P6, STM32C031F6P3, STM32C031F6P6, STM32C031G4U3, STM32C031G4U6, STM32C031G6U3, STM32C031G6U6, STM32C031K4T3, STM32C031K4T6, STM32C031K4U3, STM32C031K4U6, STM32C031K6T3, STM32C031K6T6, STM32C031K6U3, STM32C031K6U6, STM32G071K8TXN, STM32G071K8UXN, STM32G081GBU6N, STM32G081KBT6N, STM32G081KBUXN, STM32G0B1CCT6N, STM32G0B1KCT6, STM32G0B1NEY6TR, STM32G0B1RCT6N, STM32G0C1CCT6, STM32G0C1CCT6N, STM32G0C1CCU6N, STM32G0C1CET6N, STM32G0C1CEU6N, STM32G0C1KCT6, STM32G0C1NEY6TR, STM32G0C1RCI6N, STM32G0C1RCT6N, STM32G0C1REI6N, STM32G0C1RET6N, STM32G0C1VCI6, STM32G0C1VEI6, STM32G471CCT6, STM32G471CCU6, STM32G471CET3, STM32G471CET6, STM32G471CEU3, STM32G471CEU6, STM32G471MCT6, STM32G471MET3, STM32G471MET6, STM32G471MEY6TR, STM32G471QCT6, STM32G471QET3, STM32G471RCT6, STM32G471RET3, STM32G471RET6, STM32G471VCH6, STM32G471VCI6, STM32G471VCT6, STM32G471VEH3, STM32G471VEH6, STM32G471VEI3, STM32G471VEI6, STM32G471VET3, STM32G471VET6, STM32G474CCT6, STM32L476VGY6PTR, STM32L4R5QGI6STR, STM32MP131AAE3, STM32MP131AAF3, STM32MP131AAG3, STM32MP131CAE3, STM32MP131CAF3, STM32MP131CAG3, STM32MP131DAE7, STM32MP131DAF7, STM32MP131DAG7, STM32MP131FAE7, STM32MP131FAF7, STM32MP131FAG7, STM32MP133AAE3, STM32MP133AAF3, STM32MP133AAG3, STM32MP133CAE3, STM32MP133CAF3, STM32MP133CAG3, STM32MP133DAE7, STM32MP133DAF7, STM32MP133DAG7, STM32MP133FAE7, STM32MP133FAF7, STM32MP133FAG7, STM32MP135AAE3, STM32MP135AAF3, STM32MP135AAG3, STM32MP135CAE3, STM32MP135CAF3, STM32MP135CAG3, STM32MP135DAE7, STM32MP135DAF7, STM32MP135DAG7, STM32MP135F-DK, STM32MP135FAE7, STM32MP135FAF7, STM32MP135FAF7T, STM32MP135FAF7U, STM32MP135FAG7, STM32U595ZJT6Q, STM32U599BJY6QTR, STM32U599NIH6Q, STM32U599NJH6Q, STM32U5A5ZJT6Q, STM32U5A9BJY6QTR, STM32U5A9NJH6Q, STM32WB1MMCH6, STM32WL5MOCH6TR]
2023-06-29 01:30:31,085 [INFO] DbMcus:215 - Found 3680 MCUs, 3680 are supported
2023-06-29 01:30:31,091 [INFO] ApiDb:422 - Load user favorites file C:\Users\XPS/.stm32cubeide/favorites.mcus.txt: 1 item(s)
2023-06-29 01:30:31,091 [INFO] ApiDb:426 - User favorites MCUs=[STM32F411RET6]
2023-06-29 01:30:31,091 [INFO] DbMcus:221 - Set 1 / 1 favorites MCUs
2023-06-29 01:30:31,413 [WARN] ThirdParty:807 - waiting for thirdparty lock release [change project]
2023-06-29 01:30:31,414 [INFO] ThirdParty:809 - entering critical section [change project]
2023-06-29 01:30:31,414 [INFO] ThirdParty:999 - CMSIS Pack Vendor :STMicroelectronics X-CUBE-ISPU 1.1.0
2023-06-29 01:30:31,414 [INFO] ThirdParty:999 - CMSIS Pack Vendor :RoweBots I-CUBE-UNISONRTOS 5.5.0-4
2023-06-29 01:30:31,414 [INFO] ThirdParty:999 - CMSIS Pack Vendor :STMicroelectronics X-CUBE-GNSS1 6.0.0
2023-06-29 01:30:31,414 [INFO] ThirdParty:999 - CMSIS Pack Vendor :STMicroelectronics USB_HOST 2.0.0
2023-06-29 01:30:31,414 [INFO] ThirdParty:999 - CMSIS Pack Vendor :STMicroelectronics X-CUBE-AZRTOS-F4 1.1.0
2023-06-29 01:30:31,414 [INFO] ThirdParty:999 - CMSIS Pack Vendor :STMicroelectronics LIBJPEG 8.0.0
2023-06-29 01:30:31,414 [INFO] ThirdParty:999 - CMSIS Pack Vendor :STMicroelectronics X-CUBE-SMBUS 2.1.0
2023-06-29 01:30:31,414 [INFO] ThirdParty:999 - CMSIS Pack Vendor :STMicroelectronics USB_DEVICE 3.0.0
2023-06-29 01:30:31,414 [INFO] ThirdParty:999 - CMSIS Pack Vendor :STMicroelectronics X-CUBE-AI 8.0.0
2023-06-29 01:30:31,414 [INFO] ThirdParty:999 - CMSIS Pack Vendor :STMicroelectronics X-CUBE-FREERTOS 1.0.0
2023-06-29 01:30:31,414 [INFO] ThirdParty:999 - CMSIS Pack Vendor :STMicroelectronics X-CUBE-FREERTOS 1.0.1
2023-06-29 01:30:31,414 [INFO] ThirdParty:999 - CMSIS Pack Vendor :STMicroelectronics X-CUBE-TOUCHGFX 4.21.1
2023-06-29 01:30:31,414 [INFO] ThirdParty:999 - CMSIS Pack Vendor :STMicroelectronics X-CUBE-TOUCHGFX 4.21.3
2023-06-29 01:30:31,414 [INFO] ThirdParty:999 - CMSIS Pack Vendor :STMicroelectronics X-CUBE-AZRTOS-F7 1.1.0
2023-06-29 01:30:31,414 [INFO] ThirdParty:999 - CMSIS Pack Vendor :STMicroelectronics X-CUBE-TOUCHGFX 4.21.4
2023-06-29 01:30:31,414 [INFO] ThirdParty:999 - CMSIS Pack Vendor :STMicroelectronics USB_DEVICE 2.0.0
2023-06-29 01:30:31,414 [INFO] ThirdParty:999 - CMSIS Pack Vendor :STMicroelectronics X-CUBE-AI 7.3.0
2023-06-29 01:30:31,414 [INFO] ThirdParty:999 - CMSIS Pack Vendor :STMicroelectronics X-CUBE-MEMS1 9.6.0
2023-06-29 01:30:31,414 [INFO] ThirdParty:999 - CMSIS Pack Vendor :STMicroelectronics FP-SNS-MOTENV1 4.3.2
2023-06-29 01:30:31,414 [INFO] ThirdParty:999 - CMSIS Pack Vendor :STMicroelectronics FP-SNS-MOTENV1 4.3.1
2023-06-29 01:30:31,414 [INFO] ThirdParty:999 - CMSIS Pack Vendor :STMicroelectronics FP-SNS-FLIGHT1 5.0.1
2023-06-29 01:30:31,414 [INFO] ThirdParty:999 - CMSIS Pack Vendor :STMicroelectronics X-CUBE-ALGOBUILD 1.3.0
2023-06-29 01:30:31,414 [INFO] ThirdParty:999 - CMSIS Pack Vendor :STMicroelectronics X-CUBE-BLE1 6.2.4
2023-06-29 01:30:31,415 [INFO] ThirdParty:999 - CMSIS Pack Vendor :STMicroelectronics X-CUBE-AZRTOS-L5 1.1.0
2023-06-29 01:30:31,415 [INFO] ThirdParty:999 - CMSIS Pack Vendor :STMicroelectronics FreeRTOS 0.0.1
2023-06-29 01:30:31,415 [INFO] ThirdParty:999 - CMSIS Pack Vendor :STMicroelectronics X-CUBE-AZRTOS-G0 1.1.0
2023-06-29 01:30:31,415 [INFO] ThirdParty:999 - CMSIS Pack Vendor :emotas I-CUBE-CANOPEN 1.1.3
2023-06-29 01:30:31,415 [INFO] ThirdParty:999 - CMSIS Pack Vendor :STMicroelectronics X-CUBE-BLEMGR 2.0.0
2023-06-29 01:30:31,415 [INFO] ThirdParty:999 - CMSIS Pack Vendor :STMicroelectronics X-CUBE-AI 8.0.1
2023-06-29 01:30:31,415 [INFO] ThirdParty:999 - CMSIS Pack Vendor :STMicroelectronics X-CUBE-NFC4 3.0.0
2023-06-29 01:30:31,415 [INFO] ThirdParty:999 - CMSIS Pack Vendor :STMicroelectronics X-CUBE-SUBG2 5.0.0
2023-06-29 01:30:31,415 [INFO] ThirdParty:999 - CMSIS Pack Vendor :STMicroelectronics STM32_WPAN 1.0.0
2023-06-29 01:30:31,415 [INFO] ThirdParty:999 - CMSIS Pack Vendor :STMicroelectronics lwIP 2.0.3
2023-06-29 01:30:31,415 [INFO] ThirdParty:999 - CMSIS Pack Vendor :STMicroelectronics USB_HOST 1.0.0
2023-06-29 01:30:31,415 [INFO] ThirdParty:999 - CMSIS Pack Vendor :STMicroelectronics X-CUBE-AZRTOS-G4 2.0.0
2023-06-29 01:30:31,415 [INFO] ThirdParty:999 - CMSIS Pack Vendor :STMicroelectronics PDM2PCM 3.1.0
2023-06-29 01:30:31,415 [INFO] ThirdParty:999 - CMSIS Pack Vendor :STMicroelectronics X-CUBE-AZRTOS-H7 3.1.0
2023-06-29 01:30:31,415 [INFO] ThirdParty:999 - CMSIS Pack Vendor :STMicroelectronics X-CUBE-TOF1 3.3.0
2023-06-29 01:30:31,415 [INFO] ThirdParty:999 - CMSIS Pack Vendor :STMicroelectronics FP-ATR-ASTRA1 1.1.1
2023-06-29 01:30:31,416 [INFO] ThirdParty:999 - CMSIS Pack Vendor :STMicroelectronics PDM2PCM 3.3.0
2023-06-29 01:30:31,416 [INFO] ThirdParty:999 - CMSIS Pack Vendor :STMicroelectronics X-CUBE-DISPLAY 3.0.0
2023-06-29 01:30:31,416 [INFO] ThirdParty:999 - CMSIS Pack Vendor :STMicroelectronics X-CUBE-BLEMGR 1.3.0
2023-06-29 01:30:31,416 [INFO] ThirdParty:999 - CMSIS Pack Vendor :STMicroelectronics FP-ATR-SIGFOX1 3.2.0
2023-06-29 01:30:31,416 [INFO] ThirdParty:999 - CMSIS Pack Vendor :STMicroelectronics X-CUBE-AZRTOS-G4 1.0.0
2023-06-29 01:30:31,416 [INFO] ThirdParty:999 - CMSIS Pack Vendor :wolfSSL I-CUBE-wolfSSL 5.5.4
2023-06-29 01:30:31,416 [INFO] ThirdParty:999 - CMSIS Pack Vendor :STMicroelectronics X-CUBE-AZRTOS-L4 1.0.0
2023-06-29 01:30:31,416 [INFO] ThirdParty:999 - CMSIS Pack Vendor :STMicroelectronics HAL Drivers 0.0.0
2023-06-29 01:30:31,417 [INFO] ThirdParty:999 - CMSIS Pack Vendor :STMicroelectronics MBEDTLS 2.16.2
2023-06-29 01:30:31,417 [INFO] ThirdParty:999 - CMSIS Pack Vendor :STMicroelectronics X-CUBE-TOUCHGFX 4.22.0
2023-06-29 01:30:31,417 [INFO] ThirdParty:999 - CMSIS Pack Vendor :STMicroelectronics X-CUBE-NFC7 1.0.1
2023-06-29 01:30:31,417 [INFO] ThirdParty:999 - CMSIS Pack Vendor :STMicroelectronics MBEDTLS 2.14.1
2023-06-29 01:30:31,417 [INFO] ThirdParty:999 - CMSIS Pack Vendor :STMicroelectronics X-CUBE-NFC7 1.0.0
2023-06-29 01:30:31,417 [INFO] ThirdParty:999 - CMSIS Pack Vendor :STMicroelectronics X-CUBE-AZRTOS-WL 1.0.0
2023-06-29 01:30:31,417 [INFO] ThirdParty:999 - CMSIS Pack Vendor :STMicroelectronics X-CUBE-EEPRMA1 4.1.0
2023-06-29 01:30:31,417 [INFO] ThirdParty:999 - CMSIS Pack Vendor :portGmbH I-Cube-SoM-uGOAL 1.1.0
2023-06-29 01:30:31,417 [INFO] ThirdParty:999 - CMSIS Pack Vendor :STMicroelectronics X-CUBE-ALS 1.0.1
2023-06-29 01:30:31,418 [INFO] ThirdParty:999 - CMSIS Pack Vendor :STMicroelectronics X-CUBE-MEMS1 9.5.0
2023-06-29 01:30:31,418 [INFO] ThirdParty:999 - CMSIS Pack Vendor :STMicroelectronics ThreadX 1.0.0
2023-06-29 01:30:31,418 [INFO] ThirdParty:999 - CMSIS Pack Vendor :STMicroelectronics X-CUBE-AZRTOS-WB 1.1.0
2023-06-29 01:30:31,418 [INFO] ThirdParty:999 - CMSIS Pack Vendor :STMicroelectronics X-CUBE-AZRTOS-WL 2.0.0
2023-06-29 01:30:31,418 [INFO] ThirdParty:999 - CMSIS Pack Vendor :SEGGER I-CUBE-embOS 1.3.1
2023-06-29 01:30:31,418 [INFO] ThirdParty:999 - CMSIS Pack Vendor :STMicroelectronics USB_DEVICE 1.0.0
2023-06-29 01:30:31,418 [INFO] ThirdParty:999 - CMSIS Pack Vendor :STMicroelectronics X-CUBE-AZRTOS-L4 2.0.0
2023-06-29 01:30:31,418 [INFO] ThirdParty:999 - CMSIS Pack Vendor :STMicroelectronics ThreadX 0.0.2
2023-06-29 01:30:31,418 [INFO] ThirdParty:999 - CMSIS Pack Vendor :WES I-CUBE-Cesium 1.3.0
2023-06-29 01:30:31,419 [INFO] ThirdParty:999 - CMSIS Pack Vendor :STMicroelectronics FP-ATR-ASTRA1 2.0.0
2023-06-29 01:30:31,419 [INFO] ThirdParty:999 - CMSIS Pack Vendor :STMicroelectronics lwIP 2.1.2
2023-06-29 01:30:31,419 [INFO] ThirdParty:999 - CMSIS Pack Vendor :STMicroelectronics X-CUBE-SFXS2LP1 4.0.0
2023-06-29 01:30:31,419 [INFO] ThirdParty:999 - CMSIS Pack Vendor :STMicroelectronics X-CUBE-BLE2 3.3.0
2023-06-29 01:30:31,419 [INFO] ThirdParty:999 - CMSIS Pack Vendor :STMicroelectronics X-CUBE-TOF1 3.2.0
2023-06-29 01:30:31,419 [INFO] ThirdParty:999 - CMSIS Pack Vendor :STMicroelectronics PDM2PCM 3.2.0
2023-06-29 01:30:31,419 [INFO] ThirdParty:999 - CMSIS Pack Vendor :STMicroelectronics X-CUBE-AZRTOS-H7 3.0.0
2023-06-29 01:30:31,419 [INFO] ThirdParty:815 - exiting critical section [change project]
2023-06-29 01:30:31,734 [INFO] PinOutPanel:1477 - setPackage(No Configuration,No Configuration)
2023-06-29 01:30:31,735 [INFO] PinOutPanel:1477 - setPackage(STM32F411RETx,LQFP64)
2023-06-29 01:30:32,308 [INFO] UtilMem:74 - Before build in PCC Used Memory: 485301112 Bytes (609222656)
2023-06-29 01:30:33,064 [INFO] UtilMem:74 - After build in PCC Used Memory: 495138264 Bytes (609222656)
2023-06-29 01:30:33,151 [INFO] ApiDbMcu:505 - Load IP Config File for FREERTOS
2023-06-29 01:30:33,177 [INFO] IPUIPlugin:79 - create IPUIPlugin
2023-06-29 01:30:33,180 [INFO] IPUIPlugin:79 - create IPUIPlugin
2023-06-29 01:30:33,180 [INFO] IPUIPlugin:79 - create IPUIPlugin
2023-06-29 01:30:33,181 [INFO] IPUIPlugin:79 - create IPUIPlugin
2023-06-29 01:30:33,181 [INFO] IPUIPlugin:79 - create IPUIPlugin
2023-06-29 01:30:33,181 [INFO] IPUIPlugin:79 - create IPUIPlugin
2023-06-29 01:30:33,181 [INFO] IPUIPlugin:79 - create IPUIPlugin
2023-06-29 01:30:33,181 [INFO] IPUIPlugin:79 - create IPUIPlugin
2023-06-29 01:30:33,181 [INFO] IPUIPlugin:79 - create IPUIPlugin
2023-06-29 01:30:33,181 [INFO] IPUIPlugin:79 - create IPUIPlugin
2023-06-29 01:30:33,182 [INFO] IPUIPlugin:79 - create IPUIPlugin
2023-06-29 01:30:33,182 [INFO] IPUIPlugin:79 - create IPUIPlugin
2023-06-29 01:30:33,182 [INFO] IPUIPlugin:79 - create IPUIPlugin
2023-06-29 01:30:33,182 [INFO] IPUIPlugin:79 - create IPUIPlugin
2023-06-29 01:30:33,182 [INFO] IPUIPlugin:79 - create IPUIPlugin
2023-06-29 01:30:33,183 [INFO] IPUIPlugin:79 - create IPUIPlugin
2023-06-29 01:30:33,183 [INFO] IPUIPlugin:79 - create IPUIPlugin
2023-06-29 01:30:33,183 [INFO] IPUIPlugin:79 - create IPUIPlugin
2023-06-29 01:30:33,183 [INFO] IPUIPlugin:79 - create IPUIPlugin
2023-06-29 01:30:33,184 [INFO] IPUIPlugin:79 - create IPUIPlugin
2023-06-29 01:30:33,184 [INFO] IPUIPlugin:79 - create IPUIPlugin
2023-06-29 01:30:33,184 [INFO] IPUIPlugin:79 - create IPUIPlugin
2023-06-29 01:30:33,184 [INFO] IPUIPlugin:79 - create IPUIPlugin
2023-06-29 01:30:33,184 [INFO] IPUIPlugin:79 - create IPUIPlugin
2023-06-29 01:30:33,186 [INFO] IPUIPlugin:79 - create IPUIPlugin
2023-06-29 01:30:33,186 [INFO] IPUIPlugin:79 - create IPUIPlugin
2023-06-29 01:30:33,186 [INFO] IPUIPlugin:79 - create IPUIPlugin
2023-06-29 01:30:33,186 [INFO] IPUIPlugin:79 - create IPUIPlugin
2023-06-29 01:30:33,187 [INFO] IPUIPlugin:79 - create IPUIPlugin
2023-06-29 01:30:33,187 [INFO] IPUIPlugin:79 - create IPUIPlugin
2023-06-29 01:30:33,187 [INFO] IPUIPlugin:79 - create IPUIPlugin
2023-06-29 01:30:33,188 [INFO] IPUIPlugin:79 - create IPUIPlugin
2023-06-29 01:30:33,188 [INFO] IPUIPlugin:79 - create IPUIPlugin
2023-06-29 01:30:33,188 [INFO] IPUIPlugin:79 - create IPUIPlugin
2023-06-29 01:30:33,189 [INFO] IPUIPlugin:79 - create IPUIPlugin
2023-06-29 01:30:33,189 [INFO] IPUIPlugin:79 - create IPUIPlugin
2023-06-29 01:30:33,189 [INFO] IPUIPlugin:79 - create IPUIPlugin
2023-06-29 01:30:33,190 [INFO] IPUIPlugin:79 - create IPUIPlugin
2023-06-29 01:30:33,190 [INFO] IPUIPlugin:79 - create IPUIPlugin
2023-06-29 01:30:33,191 [INFO] IPUIPlugin:79 - create IPUIPlugin
2023-06-29 01:30:33,191 [INFO] IPUIPlugin:79 - create IPUIPlugin
2023-06-29 01:30:33,192 [INFO] IPUIPlugin:79 - create IPUIPlugin
2023-06-29 01:30:33,192 [INFO] IPUIPlugin:79 - create IPUIPlugin
2023-06-29 01:30:33,233 [INFO] ApiDbMcu:505 - Load IP Config File for PDM2PCM
2023-06-29 01:30:33,284 [WARN] FreeRTOS:1022 - Null or empty value: should not occur! (nothing added to the table)
2023-06-29 01:30:33,538 [INFO] CADModel:164 - CPN selected for project levelSTM32F411RET6
2023-06-29 01:30:33,539 [INFO] CADModel:113 - Register for checkConnection events
2023-06-29 01:30:33,541 [INFO] RtosManager:615 - Active RTOS found at IOC load: FREERTOS [Cortex-M4NS]
2023-06-29 01:30:33,584 [INFO] OpenFileManager:327 - Restore cursor
2023-06-29 01:59:32,080 [INFO] JxBrowserEngine:114 - Initiate JxBrowser Engine with user profile folder
2023-06-29 01:59:37,322 [INFO] WebAppUi:459 - Close the Jxbrowser engine manually
2023-06-29 01:59:37,347 [INFO] WebAppUi:462 - Profiles folder deleted
2023-06-29 01:59:37,652 [ERROR] LogOutputStream:74 - [STDERR_REDIRECT] 
2023-06-29 02:01:17,391 [INFO] Activator:179 - 


2023-06-29 02:01:17,392 [INFO] Activator:180 - !SESSION log4j initialized
2023-06-29 02:01:37,364 [INFO] McuFinderGlobals:52 - Set McuFinder mode to 2 (CubeIDE integrated)
2023-06-29 02:01:37,565 [INFO] ApplicationProperties:181 - Using Application install path: C:\ST\STM32CubeIDE_1.9.0\STM32CubeIDE\plugins\com.st.stm32cube.common.mx_6.7.0.202301130839
2023-06-29 02:01:37,579 [INFO] DbMcusXml:77 - Set database path to: C:\ST\STM32CubeIDE_1.9.0\STM32CubeIDE\plugins\com.st.stm32cube.common.mx_6.7.0.202301130839\\db\/mcu/
2023-06-29 02:01:37,579 [INFO] ApiDb:273 - Set plugin database path to: C:\ST\STM32CubeIDE_1.9.0\STM32CubeIDE\plugins\com.st.stm32cube.common.mx_6.7.0.202301130839\\db\/plugins/boardmanager/
2023-06-29 02:01:37,580 [WARN] ApiDb:258 - Overriding images path with different value:  => C:\ST\STM32CubeIDE_1.9.0\STM32CubeIDE\plugins\com.st.stm32cube.common.mx_6.7.0.202301130839\\db\/plugins/mcufinder/images/
2023-06-29 02:01:37,595 [INFO] ApiDb:249 - Set database path to: C:\Users\XPS\.stmcufinder\plugins\mcufinder//mcu/
2023-06-29 02:01:37,598 [INFO] DbMcusAds:124 - Set database path to: C:\Users\XPS\.stmcufinder\plugins\mcufinder//mcu/
2023-06-29 02:01:37,608 [INFO] CrossReferenceDbSqlite:202 - Set database path to: C:\Users\XPS\.stmcufinder\plugins\mcufinder//mcu/cs/
2023-06-29 02:01:37,700 [INFO] RulesReader:61 - Compatibility file has been processed (283 Rules)
2023-06-29 02:01:37,771 [INFO] DbMcusXml:77 - Set database path to: C:\ST\STM32CubeIDE_1.9.0\STM32CubeIDE\plugins\com.st.stm32cube.common.mx_6.7.0.202301130839\\db\/mcu/
2023-06-29 02:01:37,771 [INFO] ApiDb:273 - Set plugin database path to: C:\ST\STM32CubeIDE_1.9.0\STM32CubeIDE\plugins\com.st.stm32cube.common.mx_6.7.0.202301130839\\db\/plugins/boardmanager/
2023-06-29 02:01:37,771 [INFO] ApiDb:260 - Set plugin images path to: C:\ST\STM32CubeIDE_1.9.0\STM32CubeIDE\plugins\com.st.stm32cube.common.mx_6.7.0.202301130839\\db\/plugins/mcufinder/images/
2023-06-29 02:01:37,771 [WARN] DbFile:40 - Overriding database path with different value: C:\Users\XPS\.stmcufinder\plugins\mcufinder/ => C:\Users\XPS\.stmcufinder\plugins\mcufinder
2023-06-29 02:01:37,771 [INFO] ApiDb:249 - Set database path to: C:\Users\XPS\.stmcufinder\plugins\mcufinder//mcu/
2023-06-29 02:01:37,772 [WARN] DbFile:40 - Overriding database path with different value: C:\Users\XPS\.stmcufinder\plugins\mcufinder/ => C:\Users\XPS\.stmcufinder\plugins\mcufinder
2023-06-29 02:01:37,772 [INFO] DbMcusAds:124 - Set database path to: C:\Users\XPS\.stmcufinder\plugins\mcufinder//mcu/
2023-06-29 02:01:37,772 [WARN] DbFile:40 - Overriding database path with different value: C:\Users\XPS\.stmcufinder\plugins\mcufinder/ => C:\Users\XPS\.stmcufinder\plugins\mcufinder
2023-06-29 02:01:37,772 [WARN] DbFile:40 - Overriding database path with different value: C:\Users\XPS\.stmcufinder\plugins\mcufinder/ => C:\Users\XPS\.stmcufinder\plugins\mcufinder
2023-06-29 02:01:37,773 [INFO] CrossReferenceDbSqlite:202 - Set database path to: C:\Users\XPS\.stmcufinder\plugins\mcufinder//mcu/cs/
2023-06-29 02:01:37,828 [INFO] MainPanel:252 - HeapMemory: 268435456
2023-06-29 02:01:37,890 [INFO] DbMcusXml:77 - Set database path to: C:\ST\STM32CubeIDE_1.9.0\STM32CubeIDE\plugins\com.st.stm32cube.common.mx_6.7.0.202301130839\\db\/mcu/
2023-06-29 02:01:37,890 [INFO] ApiDb:273 - Set plugin database path to: C:\ST\STM32CubeIDE_1.9.0\STM32CubeIDE\plugins\com.st.stm32cube.common.mx_6.7.0.202301130839\\db\/plugins/boardmanager/
2023-06-29 02:01:37,890 [INFO] ApiDb:260 - Set plugin images path to: C:\ST\STM32CubeIDE_1.9.0\STM32CubeIDE\plugins\com.st.stm32cube.common.mx_6.7.0.202301130839\\db\/plugins/mcufinder/images/
2023-06-29 02:01:37,890 [WARN] DbFile:40 - Overriding database path with different value: C:\Users\XPS\.stmcufinder\plugins\mcufinder/ => C:\Users\XPS\.stmcufinder\plugins\mcufinder
2023-06-29 02:01:37,890 [INFO] ApiDb:249 - Set database path to: C:\Users\XPS\.stmcufinder\plugins\mcufinder//mcu/
2023-06-29 02:01:37,891 [WARN] DbFile:40 - Overriding database path with different value: C:\Users\XPS\.stmcufinder\plugins\mcufinder/ => C:\Users\XPS\.stmcufinder\plugins\mcufinder
2023-06-29 02:01:37,891 [INFO] DbMcusAds:124 - Set database path to: C:\Users\XPS\.stmcufinder\plugins\mcufinder//mcu/
2023-06-29 02:01:37,891 [WARN] DbFile:40 - Overriding database path with different value: C:\Users\XPS\.stmcufinder\plugins\mcufinder/ => C:\Users\XPS\.stmcufinder\plugins\mcufinder
2023-06-29 02:01:37,891 [WARN] DbFile:40 - Overriding database path with different value: C:\Users\XPS\.stmcufinder\plugins\mcufinder/ => C:\Users\XPS\.stmcufinder\plugins\mcufinder
2023-06-29 02:01:37,891 [INFO] CrossReferenceDbSqlite:202 - Set database path to: C:\Users\XPS\.stmcufinder\plugins\mcufinder//mcu/cs/
2023-06-29 02:01:37,903 [INFO] ApplicationProperties:181 - Using Application install path: C:\ST\STM32CubeIDE_1.9.0\STM32CubeIDE\plugins\com.st.stm32cube.common.mx_6.7.0.202301130839
2023-06-29 02:01:37,905 [INFO] PluginManage:193 - Search for loadable plugins [exclusion list=, ]
2023-06-29 02:01:37,907 [INFO] PluginManage:307 - Check plugin analytics
2023-06-29 02:01:38,020 [INFO] AnalyticsPlugin:262 - Accepted Software Licenses: 
2023-06-29 02:01:38,021 [INFO] AnalyticsPlugin:264 - Accepted CMSIS Pack Licenses: 
2023-06-29 02:01:38,021 [INFO] AnalyticsPlugin:266 - Accepted Firmware Licenses: 
2023-06-29 02:01:38,028 [INFO] PluginManage:356 - Loaded plugin analytics (category:tool,tabindex:-1)
2023-06-29 02:01:38,028 [INFO] PluginManage:307 - Check plugin cadmodel
2023-06-29 02:01:38,039 [INFO] CADModel:104 - Init CAD model plugin
2023-06-29 02:01:38,039 [INFO] PluginManage:356 - Loaded plugin cadmodel (category:power,tabindex:5)
2023-06-29 02:01:38,039 [INFO] PluginManage:307 - Check plugin clock
2023-06-29 02:01:38,053 [INFO] PluginManage:356 - Loaded plugin clock (category:base,tabindex:2)
2023-06-29 02:01:38,053 [INFO] PluginManage:307 - Check plugin ddr
2023-06-29 02:01:38,054 [INFO] PluginManage:356 - Loaded plugin ddr (category:tool,tabindex:6)
2023-06-29 02:01:38,054 [INFO] PluginManage:307 - Check plugin filemanager
2023-06-29 02:01:38,150 [INFO] PluginManage:356 - Loaded plugin filemanager (category:base,tabindex:10)
2023-06-29 02:01:38,151 [INFO] PluginManage:307 - Check plugin ipmanager
2023-06-29 02:01:38,158 [INFO] PluginManage:356 - Loaded plugin ipmanager (category:base,tabindex:5)
2023-06-29 02:01:38,158 [INFO] PluginManage:307 - Check plugin lpbam
2023-06-29 02:01:38,170 [INFO] PluginManage:356 - Loaded plugin lpbam (category:base,tabindex:0)
2023-06-29 02:01:38,171 [INFO] PluginManage:307 - Check plugin pinoutandconfiguration
2023-06-29 02:01:38,183 [INFO] PluginManage:356 - Loaded plugin pinoutandconfiguration (category:base,tabindex:1)
2023-06-29 02:01:38,183 [INFO] PluginManage:307 - Check plugin pinoutconfig
2023-06-29 02:01:38,216 [INFO] PluginManage:356 - Loaded plugin pinoutconfig (category:base,tabindex:0)
2023-06-29 02:01:38,216 [INFO] PluginManage:307 - Check plugin power
2023-06-29 02:01:38,230 [INFO] PluginManage:356 - Loaded plugin power (category:power,tabindex:4)
2023-06-29 02:01:38,230 [INFO] PluginManage:307 - Check plugin projectmanager
2023-06-29 02:01:38,242 [INFO] PluginManage:356 - Loaded plugin projectmanager (category:projectmanager,tabindex:3)
2023-06-29 02:01:38,242 [INFO] PluginManage:307 - Check plugin thirdparty
2023-06-29 02:01:38,389 [WARN] IntegrityCheckThread:82 - waiting for thirdparty lock release [integrity check]
2023-06-29 02:01:38,390 [INFO] IntegrityCheckThread:84 - entering critical section [integrity check]
2023-06-29 02:01:38,389 [INFO] PluginManage:356 - Loaded plugin thirdparty (category:base,tabindex:-1)
2023-06-29 02:01:38,390 [INFO] PluginManage:307 - Check plugin tools
2023-06-29 02:01:38,394 [INFO] ThirdPartyUpdaterWithRetryManager:70 - Updater plugin not ready yet. [1/15]
2023-06-29 02:01:38,394 [INFO] PluginManage:356 - Loaded plugin tools (category:base,tabindex:7)
2023-06-29 02:01:38,394 [INFO] PluginManage:307 - Check plugin tutovideos
2023-06-29 02:01:38,550 [INFO] PluginManage:356 - Loaded plugin tutovideos (category:base,tabindex:-1)
2023-06-29 02:01:38,550 [INFO] PluginManage:307 - Check plugin updater
2023-06-29 02:01:38,565 [INFO] PluginManage:356 - Loaded plugin updater (category:base,tabindex:12)
2023-06-29 02:01:38,566 [INFO] PluginManage:280 - PluginManage : Loaded plugins [15]
2023-06-29 02:01:38,791 [INFO] PinOutPanel:1477 - setPackage(No Configuration,No Configuration)
2023-06-29 02:01:38,842 [INFO] CADModel:164 - CPN selected for project level
2023-06-29 02:01:38,843 [INFO] CADModel:113 - Register for checkConnection events
2023-06-29 02:01:38,862 [INFO] IPUIPlugin:79 - create IPUIPlugin
2023-06-29 02:01:38,862 [INFO] PluginManager:219 - loadIPPluginJar : add adc
2023-06-29 02:01:38,887 [INFO] IPUIPlugin:79 - create IPUIPlugin
2023-06-29 02:01:38,887 [INFO] PluginManager:219 - loadIPPluginJar : add aes
2023-06-29 02:01:38,916 [INFO] IPUIPlugin:79 - create IPUIPlugin
2023-06-29 02:01:38,916 [INFO] PluginManager:219 - loadIPPluginJar : add can
2023-06-29 02:01:38,931 [INFO] IPUIPlugin:79 - create IPUIPlugin
2023-06-29 02:01:38,931 [INFO] PluginManager:219 - loadIPPluginJar : add comp
2023-06-29 02:01:38,952 [INFO] IPUIPlugin:79 - create IPUIPlugin
2023-06-29 02:01:38,952 [INFO] PluginManager:219 - loadIPPluginJar : add cryp
2023-06-29 02:01:38,971 [INFO] IPUIPlugin:79 - create IPUIPlugin
2023-06-29 02:01:38,972 [INFO] PluginManager:219 - loadIPPluginJar : add dfsdm
2023-06-29 02:01:38,981 [INFO] IPUIPlugin:79 - create IPUIPlugin
2023-06-29 02:01:38,982 [INFO] PluginManager:219 - loadIPPluginJar : add dma
2023-06-29 02:01:39,010 [INFO] IPUIPlugin:79 - create IPUIPlugin
2023-06-29 02:01:39,010 [INFO] PluginManager:219 - loadIPPluginJar : add dma3
2023-06-29 02:01:39,023 [INFO] IPUIPlugin:79 - create IPUIPlugin
2023-06-29 02:01:39,023 [INFO] PluginManager:219 - loadIPPluginJar : add fatfs
2023-06-29 02:01:39,054 [INFO] IPUIPlugin:79 - create IPUIPlugin
2023-06-29 02:01:39,054 [INFO] PluginManager:219 - loadIPPluginJar : add fmc
2023-06-29 02:01:39,064 [INFO] IPUIPlugin:79 - create IPUIPlugin
2023-06-29 02:01:39,064 [INFO] PluginManager:219 - loadIPPluginJar : add freertos
2023-06-29 02:01:39,077 [INFO] IPUIPlugin:79 - create IPUIPlugin
2023-06-29 02:01:39,077 [INFO] PluginManager:219 - loadIPPluginJar : add genericplugin
2023-06-29 02:01:39,134 [INFO] IPUIPlugin:79 - create IPUIPlugin
2023-06-29 02:01:39,135 [INFO] PluginManager:219 - loadIPPluginJar : add gfxmmu
2023-06-29 02:01:39,220 [INFO] IPUIPlugin:79 - create IPUIPlugin
2023-06-29 02:01:39,221 [INFO] PluginManager:219 - loadIPPluginJar : add gic
2023-06-29 02:01:39,230 [INFO] IPUIPlugin:79 - create IPUIPlugin
2023-06-29 02:01:39,230 [INFO] PluginManager:219 - loadIPPluginJar : add gpio
2023-06-29 02:01:39,286 [INFO] IPUIPlugin:79 - create IPUIPlugin
2023-06-29 02:01:39,287 [INFO] PluginManager:219 - loadIPPluginJar : add gtzc
2023-06-29 02:01:39,307 [INFO] IPUIPlugin:79 - create IPUIPlugin
2023-06-29 02:01:39,308 [INFO] PluginManager:219 - loadIPPluginJar : add hash
2023-06-29 02:01:39,340 [INFO] IPUIPlugin:79 - create IPUIPlugin
2023-06-29 02:01:39,340 [INFO] PluginManager:219 - loadIPPluginJar : add i2c
2023-06-29 02:01:39,366 [INFO] IPUIPlugin:79 - create IPUIPlugin
2023-06-29 02:01:39,367 [INFO] PluginManager:219 - loadIPPluginJar : add i2s
2023-06-29 02:01:39,438 [INFO] IPUIPlugin:79 - create IPUIPlugin
2023-06-29 02:01:39,438 [INFO] PluginManager:219 - loadIPPluginJar : add ipddr
2023-06-29 02:01:39,497 [INFO] IPUIPlugin:79 - create IPUIPlugin
2023-06-29 02:01:39,497 [INFO] PluginManager:219 - loadIPPluginJar : add linkedlist
2023-06-29 02:01:39,499 [INFO] IPUIPlugin:79 - create IPUIPlugin
2023-06-29 02:01:39,499 [INFO] PluginManager:219 - loadIPPluginJar : add lorawan
2023-06-29 02:01:39,522 [INFO] IPUIPlugin:79 - create IPUIPlugin
2023-06-29 02:01:39,522 [INFO] PluginManager:219 - loadIPPluginJar : add ltdc
2023-06-29 02:01:39,532 [INFO] IPUIPlugin:79 - create IPUIPlugin
2023-06-29 02:01:39,532 [INFO] PluginManager:219 - loadIPPluginJar : add mdma
2023-06-29 02:01:39,538 [INFO] IPUIPlugin:79 - create IPUIPlugin
2023-06-29 02:01:39,539 [INFO] PluginManager:219 - loadIPPluginJar : add nvic
2023-06-29 02:01:39,561 [INFO] IPUIPlugin:79 - create IPUIPlugin
2023-06-29 02:01:39,561 [INFO] PluginManager:219 - loadIPPluginJar : add opamp
2023-06-29 02:01:39,600 [INFO] IPUIPlugin:79 - create IPUIPlugin
2023-06-29 02:01:39,601 [INFO] PluginManager:219 - loadIPPluginJar : add openamp
2023-06-29 02:01:39,627 [INFO] IPUIPlugin:79 - create IPUIPlugin
2023-06-29 02:01:39,627 [INFO] PluginManager:219 - loadIPPluginJar : add pdm2pcm
2023-06-29 02:01:39,638 [INFO] IPUIPlugin:79 - create IPUIPlugin
2023-06-29 02:01:39,639 [INFO] PluginManager:219 - loadIPPluginJar : add plateformsettings
2023-06-29 02:01:39,641 [INFO] IPUIPlugin:79 - create IPUIPlugin
2023-06-29 02:01:39,641 [INFO] PluginManager:219 - loadIPPluginJar : add quadspi
2023-06-29 02:01:39,650 [INFO] IPUIPlugin:79 - create IPUIPlugin
2023-06-29 02:01:39,650 [INFO] PluginManager:219 - loadIPPluginJar : add resmgrutility
2023-06-29 02:01:39,684 [INFO] IPUIPlugin:79 - create IPUIPlugin
2023-06-29 02:01:39,684 [INFO] PluginManager:219 - loadIPPluginJar : add sai
2023-06-29 02:01:39,709 [INFO] IPUIPlugin:79 - create IPUIPlugin
2023-06-29 02:01:39,710 [INFO] PluginManager:219 - loadIPPluginJar : add spi
2023-06-29 02:01:39,746 [INFO] IPUIPlugin:79 - create IPUIPlugin
2023-06-29 02:01:39,746 [INFO] PluginManager:219 - loadIPPluginJar : add stm32_wpan
2023-06-29 02:01:39,761 [INFO] IPUIPlugin:79 - create IPUIPlugin
2023-06-29 02:01:39,761 [INFO] PluginManager:219 - loadIPPluginJar : add tim
2023-06-29 02:01:39,798 [INFO] IPUIPlugin:79 - create IPUIPlugin
2023-06-29 02:01:39,798 [INFO] PluginManager:219 - loadIPPluginJar : add touchsensing
2023-06-29 02:01:39,812 [INFO] IPUIPlugin:79 - create IPUIPlugin
2023-06-29 02:01:39,813 [INFO] PluginManager:219 - loadIPPluginJar : add tracer_emb
2023-06-29 02:01:39,826 [INFO] IPUIPlugin:79 - create IPUIPlugin
2023-06-29 02:01:39,826 [INFO] PluginManager:219 - loadIPPluginJar : add ts
2023-06-29 02:01:39,840 [INFO] IPUIPlugin:79 - create IPUIPlugin
2023-06-29 02:01:39,840 [INFO] PluginManager:219 - loadIPPluginJar : add tsc
2023-06-29 02:01:39,841 [INFO] IPUIPlugin:79 - create IPUIPlugin
2023-06-29 02:01:39,842 [INFO] PluginManager:219 - loadIPPluginJar : add ucpd
2023-06-29 02:01:39,869 [INFO] IPUIPlugin:79 - create IPUIPlugin
2023-06-29 02:01:39,869 [INFO] PluginManager:219 - loadIPPluginJar : add usart
2023-06-29 02:01:39,897 [INFO] IPUIPlugin:79 - create IPUIPlugin
2023-06-29 02:01:39,898 [INFO] PluginManager:219 - loadIPPluginJar : add usbx
2023-06-29 02:01:40,024 [INFO] CADModel:164 - CPN selected for project level
2023-06-29 02:01:40,024 [INFO] CADModel:113 - Register for checkConnection events
2023-06-29 02:01:40,025 [FATAL] Updater:308 - Updater called before beeing initialized
2023-06-29 02:01:40,025 [ERROR] CADModel:124 - Updater not yet initialized, retry later 
2023-06-29 02:01:40,158 [INFO] CADModel:164 - CPN selected for project level
2023-06-29 02:01:40,158 [INFO] CADModel:113 - Register for checkConnection events
2023-06-29 02:01:40,158 [FATAL] Updater:308 - Updater called before beeing initialized
2023-06-29 02:01:40,158 [ERROR] CADModel:124 - Updater not yet initialized, retry later 
2023-06-29 02:01:40,161 [FATAL] Updater:308 - Updater called before beeing initialized
2023-06-29 02:01:40,279 [FATAL] Updater:308 - Updater called before beeing initialized
2023-06-29 02:01:40,291 [INFO] DbMcusAds:52 - JSON generation date=Tue Mar 07 09:50:55 CET 2023 (1678179055335)
2023-06-29 02:01:40,291 [FATAL] Updater:308 - Updater called before beeing initialized
2023-06-29 02:01:40,344 [WARN] DetailPanel:344 - Failed to get advertising image, set to default
2023-06-29 02:01:40,442 [FATAL] Updater:308 - Updater called before beeing initialized
2023-06-29 02:01:40,444 [FATAL] Updater:308 - Updater called before beeing initialized
2023-06-29 02:01:40,444 [FATAL] Updater:308 - Updater called before beeing initialized
2023-06-29 02:01:40,444 [WARN] DetailPanel:344 - Failed to get advertising image, set to default
2023-06-29 02:01:40,445 [FATAL] Updater:308 - Updater called before beeing initialized
2023-06-29 02:01:40,487 [ERROR] Updater:1120 - MainUpdater not yet initialized. External WinMGr cannot be set.
2023-06-29 02:01:40,495 [INFO] Updater:1056 - Updater Version found : 6.7.0
2023-06-29 02:01:40,507 [INFO] ApplicationProperties:181 - Using Application install path: C:\ST\STM32CubeIDE_1.9.0\STM32CubeIDE\plugins\com.st.stm32cube.common.mx_6.7.0.202301130839
2023-06-29 02:01:40,536 [INFO] MainUpdater:518 - Copy updater definitions from MX database
2023-06-29 02:01:40,694 [INFO] MainUpdater:2800 - connection check result : 10
2023-06-29 02:01:40,694 [INFO] MainUpdater:3494 - Updater definition file requires update
2023-06-29 02:01:40,695 [INFO] MainUpdater:282 - Updater Check For Update Now.
2023-06-29 02:01:40,695 [INFO] MicroXplorer:481 - Change Database Version : DB.6.0.70
2023-06-29 02:01:40,727 [INFO] ServerAccessManage:474 - Download File updaters.zip
2023-06-29 02:01:40,779 [INFO] FileExtend:239 - Unzip File : updaters.zip
2023-06-29 02:01:40,780 [INFO] FileExtend:254 - Standard Zip Deflate
2023-06-29 02:01:41,052 [INFO] ServerAccessManage:474 - Download File PacksControlFlags.xml
2023-06-29 02:01:41,107 [INFO] ServerAccessManage:474 - Download File cubemx.pidx
2023-06-29 02:01:41,174 [INFO] LoadServerUpdatesThread:367 - End of LoadServerUpdate Thread
2023-06-29 02:01:41,337 [INFO] CheckServerUpdateThread:119 - End of CheckServer Thread
2023-06-29 02:01:41,520 [WARN] PackLoader:242 - Cannot read IP mode file for STMicroelectronics.X-CUBE-SMBUS.2.1.0
2023-06-29 02:01:41,537 [INFO] MainUpdater:2800 - connection check result : 10
2023-06-29 02:01:41,554 [WARN] PackLoader:242 - Cannot read IP mode file for STMicroelectronics.X-CUBE-AZRTOS-F7.1.1.0
2023-06-29 02:01:41,570 [WARN] PackLoader:242 - Cannot read IP mode file for STMicroelectronics.FP-SNS-MOTENV1.4.3.2
2023-06-29 02:01:41,582 [ERROR] RealEvaluatedCondition:430 - Found unsupported composite condition: CLASS='Data Exchange' GROUP='STM32_MetaDataManager'
2023-06-29 02:01:41,582 [ERROR] RealEvaluatedCondition:430 - Found unsupported composite condition: GROUP='STM32_MetaDataManager' CLASS='Data Exchange'
2023-06-29 02:01:41,583 [WARN] PackLoader:242 - Cannot read IP mode file for STMicroelectronics.FP-SNS-MOTENV1.4.3.1
2023-06-29 02:01:41,591 [WARN] PackLoader:242 - Cannot read IP mode file for STMicroelectronics.FP-SNS-FLIGHT1.5.0.1
2023-06-29 02:01:41,608 [WARN] PackLoader:242 - Cannot read IP mode file for STMicroelectronics.X-CUBE-BLE1.6.2.4
2023-06-29 02:01:41,625 [WARN] PackLoader:242 - Cannot read IP mode file for STMicroelectronics.X-CUBE-DISPLAY.3.0.0
2023-06-29 02:01:41,642 [WARN] PackLoader:242 - Cannot read IP mode file for STMicroelectronics.X-CUBE-TOUCHGFX.4.22.0
2023-06-29 02:01:41,664 [INFO] LogOutputStream:76 - [STDOUT_REDIRECT] 1 : Invalid condition id : UX_CORESTACK_Condition cause : null
2023-06-29 02:01:41,666 [INFO] LogOutputStream:76 - [STDOUT_REDIRECT] 1 : Invalid condition id : UX_CORESTACK_Condition cause : null
2023-06-29 02:01:41,667 [INFO] LogOutputStream:76 - [STDOUT_REDIRECT] 1 : Invalid condition id : UX_CORESTACK_Condition cause : null
2023-06-29 02:01:41,668 [INFO] LogOutputStream:76 - [STDOUT_REDIRECT] 1 : Invalid condition id : UX_CORESTACK_Condition cause : null
2023-06-29 02:01:41,669 [INFO] LogOutputStream:76 - [STDOUT_REDIRECT] 1 : Invalid condition id : UX_CORESTACK_Condition cause : null
2023-06-29 02:01:41,672 [WARN] PackLoader:242 - Cannot read IP mode file for STMicroelectronics.X-CUBE-AZRTOS-WL.2.0.0
2023-06-29 02:01:41,686 [WARN] PackLoader:242 - Cannot read IP mode file for WES.I-CUBE-Cesium.1.3.0
2023-06-29 02:01:41,697 [WARN] PackLoader:242 - Cannot read IP mode file for STMicroelectronics.X-CUBE-BLE2.3.3.0
2023-06-29 02:01:41,718 [WARN] PackLoader:242 - Cannot read IP mode file for STMicroelectronics.X-CUBE-TOF1.3.2.0
2023-06-29 02:01:41,734 [WARN] PackLoader:242 - Cannot read IP mode file for STMicroelectronics.X-CUBE-TOUCHGFX.4.21.1
2023-06-29 02:01:41,743 [WARN] PackLoader:242 - Cannot read IP mode file for STMicroelectronics.X-CUBE-TOUCHGFX.4.21.3
2023-06-29 02:01:41,752 [WARN] PackLoader:242 - Cannot read IP mode file for STMicroelectronics.X-CUBE-TOUCHGFX.4.21.4
2023-06-29 02:01:41,761 [WARN] PackLoader:242 - Cannot read IP mode file for STMicroelectronics.X-CUBE-AI.7.3.0
2023-06-29 02:01:41,774 [WARN] PackLoader:242 - Cannot read IP mode file for STMicroelectronics.X-CUBE-ALGOBUILD.1.3.0
2023-06-29 02:01:41,801 [WARN] PackLoader:242 - Cannot read IP mode file for STMicroelectronics.X-CUBE-AZRTOS-G0.1.1.0
2023-06-29 02:01:41,821 [WARN] PackLoader:242 - Cannot read IP mode file for STMicroelectronics.X-CUBE-NFC4.3.0.0
2023-06-29 02:01:41,836 [WARN] PackLoader:242 - Cannot read IP mode file for STMicroelectronics.X-CUBE-BLEMGR.1.3.0
2023-06-29 02:01:41,848 [WARN] PackLoader:242 - Cannot read IP mode file for STMicroelectronics.FP-ATR-SIGFOX1.3.2.0
2023-06-29 02:01:41,911 [WARN] PackLoader:242 - Cannot read IP mode file for STMicroelectronics.X-CUBE-MEMS1.9.5.0
2023-06-29 02:01:42,077 [INFO] ApiDb:580 - Connected to CubeFinder SQLite database (C:\Users\XPS\.stmcufinder\plugins\mcufinder\mcu\cube-finder-db.db)
2023-06-29 02:01:42,077 [WARN] PackLoader:242 - Cannot read IP mode file for SEGGER.I-CUBE-embOS.1.3.1
2023-06-29 02:01:42,125 [WARN] PackLoader:242 - Cannot read IP mode file for STMicroelectronics.X-CUBE-GNSS1.6.0.0
2023-06-29 02:01:42,149 [INFO] ApiDb:667 - CubeFinder database Data Model version=2.1
2023-06-29 02:01:42,149 [INFO] ApiDb:668 - CubeFinder database Configuration version=3.0.35
2023-06-29 02:01:42,150 [INFO] ApiDb:669 - CubeFinder database generation date=2023-05-12 (1683877179)
2023-06-29 02:01:42,150 [INFO] ApiDb:670 - CubeFinder database FW Pack versions=[FP-ATR-ASTRA1_V2.0.0, FP-SNS-FLIGHT1_V5.0.0, FP-SNS-MOTENV1_V4.3.0, STM32Cube_FW_C0_V1.0.1, STM32Cube_FW_F0_V1.11.4, STM32Cube_FW_F3_V1.11.4, STM32Cube_FW_F4_V1.27.1, STM32Cube_FW_F7_V1.17.0, STM32Cube_FW_G0_V1.6.1, STM32Cube_FW_G4_V1.5.1, STM32Cube_FW_H5_V0.5.1, STM32Cube_FW_H5_V1.0.0, STM32Cube_FW_H7_V1.11.0, STM32Cube_FW_L0_V1.12.2, STM32Cube_FW_L5_V1.5.0, STM32Cube_FW_U5_V1.2.0, STM32Cube_FW_WBA_V1.0.0, STM32Cube_FW_WBA_V1.0.0RC1, STM32Cube_FW_WBA_V1.0.0RC3, STM32Cube_FW_WB_V1.15.0RC1, STM32Cube_FW_WB_V1.16.0, STM32Cube_FW_WB_V1.16.0RC2, STM32Cube_FW_WL_V1.3.0, X-CUBE-ALGOBUILD_V1.3.0, X-CUBE-ALS_V1.0.1, X-CUBE-AZRTOS-F4_V1.1.0, X-CUBE-AZRTOS-F7_V1.1.0, X-CUBE-AZRTOS-G0_V1.1.0, X-CUBE-AZRTOS-G4_V2.0.0, X-CUBE-AZRTOS-H7_V3.1.0, X-CUBE-AZRTOS-L4_V1.0.0, X-CUBE-AZRTOS-L5_V1.1.0, X-CUBE-AZRTOS-WB_V1.1.0, X-CUBE-AZRTOS-WL_V1.0.0, X-CUBE-BLE1_V6.2.4, X-CUBE-BLE2_V3.3.0, X-CUBE-BLEMGR_V2.0.0, X-CUBE-EEPRMA1_V4.1.0, X-CUBE-FREERTOS_V1.0.1, X-CUBE-GNSS1_V6.0.0, X-CUBE-MEMS1_V9.1.0, X-CUBE-MEMS1_V9.4.0, X-CUBE-MEMS1_V9.6.0, X-CUBE-NFC4_V3.0.0, X-CUBE-NFC7_V1.0.0, X-CUBE-SFXS2LP1_V4.0.0, X-CUBE-SUBG2_V5.0.0]
2023-06-29 02:01:42,156 [WARN] PackLoader:242 - Cannot read IP mode file for STMicroelectronics.X-CUBE-AZRTOS-F4.1.1.0
2023-06-29 02:01:42,207 [WARN] PackLoader:242 - Cannot read IP mode file for STMicroelectronics.X-CUBE-MEMS1.9.6.0
2023-06-29 02:01:42,326 [WARN] PackLoader:242 - Cannot read IP mode file for emotas.I-CUBE-CANOPEN.1.1.3
2023-06-29 02:01:42,341 [WARN] PackLoader:242 - Cannot read IP mode file for STMicroelectronics.X-CUBE-BLEMGR.2.0.0
2023-06-29 02:01:42,368 [WARN] ConditionMgr:437 - getConditionDescription Invalid condition id : UX DEVICE CLASS RTOS Condition cause : null
2023-06-29 02:01:42,368 [WARN] ConditionMgr:437 - getConditionDescription Invalid condition id : UX DEVICE CLASS RTOS Condition cause : null
2023-06-29 02:01:42,371 [WARN] PackLoader:242 - Cannot read IP mode file for STMicroelectronics.X-CUBE-AZRTOS-H7.3.1.0
2023-06-29 02:01:42,372 [WARN] ConditionMgr:1038 - genDependencies : Invalid condition id : UX DEVICE CLASS RTOS Condition cause : null
2023-06-29 02:01:42,372 [WARN] ConditionMgr:1038 - genDependencies : Invalid condition id : UX DEVICE CLASS RTOS Condition cause : null
2023-06-29 02:01:42,372 [WARN] ConditionMgr:1038 - genDependencies : Invalid condition id : UX DEVICE CLASS RTOS Condition cause : null
2023-06-29 02:01:42,374 [WARN] ConditionMgr:1038 - genDependencies : Invalid condition id : UX DEVICE CLASS RTOS Condition cause : null
2023-06-29 02:01:42,374 [WARN] ConditionMgr:1038 - genDependencies : Invalid condition id : UX DEVICE CLASS RTOS Condition cause : null
2023-06-29 02:01:42,386 [WARN] PackLoader:242 - Cannot read IP mode file for wolfSSL.I-CUBE-wolfSSL.5.5.4
2023-06-29 02:01:42,396 [WARN] PackLoader:242 - Cannot read IP mode file for STMicroelectronics.X-CUBE-NFC7.1.0.1
2023-06-29 02:01:42,407 [WARN] PackLoader:242 - Cannot read IP mode file for STMicroelectronics.X-CUBE-NFC7.1.0.0
2023-06-29 02:01:42,420 [WARN] PackLoader:242 - Cannot read IP mode file for STMicroelectronics.X-CUBE-EEPRMA1.4.1.0
2023-06-29 02:01:42,450 [WARN] ConditionMgr:437 - getConditionDescription Invalid condition id : LAN8742 Phy interface Condition cause : null
2023-06-29 02:01:42,451 [WARN] PackLoader:242 - Cannot read IP mode file for STMicroelectronics.X-CUBE-AZRTOS-L4.2.0.0
2023-06-29 02:01:42,452 [WARN] ConditionMgr:1038 - genDependencies : Invalid condition id : LAN8742 Phy interface Condition cause : null
2023-06-29 02:01:42,452 [WARN] ConditionMgr:1038 - genDependencies : Invalid condition id : LAN8742 Phy interface Condition cause : null
2023-06-29 02:01:42,452 [WARN] ConditionMgr:1038 - genDependencies : Invalid condition id : LAN8742 Phy interface Condition cause : null
2023-06-29 02:01:42,466 [WARN] PackLoader:242 - Cannot read IP mode file for STMicroelectronics.X-CUBE-SFXS2LP1.4.0.0
2023-06-29 02:01:42,495 [WARN] PackLoader:242 - Cannot read IP mode file for STMicroelectronics.X-CUBE-AZRTOS-H7.3.0.0
2023-06-29 02:01:42,508 [WARN] PackLoader:242 - Cannot read IP mode file for STMicroelectronics.X-CUBE-ISPU.1.1.0
2023-06-29 02:01:42,523 [WARN] PackLoader:242 - Cannot read IP mode file for RoweBots.I-CUBE-UNISONRTOS.5.5.0-4
2023-06-29 02:01:42,535 [WARN] PackLoader:242 - Cannot read IP mode file for STMicroelectronics.X-CUBE-AI.8.0.0
2023-06-29 02:01:42,547 [WARN] PackLoader:242 - Cannot read IP mode file for STMicroelectronics.X-CUBE-FREERTOS.1.0.0
2023-06-29 02:01:42,559 [WARN] PackLoader:242 - Cannot read IP mode file for STMicroelectronics.X-CUBE-FREERTOS.1.0.1
2023-06-29 02:01:42,580 [WARN] PackLoader:242 - Cannot read IP mode file for STMicroelectronics.X-CUBE-AZRTOS-L5.1.1.0
2023-06-29 02:01:42,595 [WARN] PackLoader:242 - Cannot read IP mode file for STMicroelectronics.X-CUBE-AI.8.0.1
2023-06-29 02:01:42,610 [WARN] PackLoader:242 - Cannot read IP mode file for STMicroelectronics.X-CUBE-SUBG2.5.0.0
2023-06-29 02:01:42,636 [WARN] PackLoader:242 - Cannot read IP mode file for STMicroelectronics.X-CUBE-AZRTOS-G4.2.0.0
2023-06-29 02:01:42,653 [WARN] PackLoader:242 - Cannot read IP mode file for STMicroelectronics.X-CUBE-TOF1.3.3.0
2023-06-29 02:01:42,678 [WARN] PackLoader:242 - Cannot read IP mode file for STMicroelectronics.FP-ATR-ASTRA1.1.1.1
2023-06-29 02:01:42,692 [WARN] PackLoader:242 - Cannot read IP mode file for STMicroelectronics.X-CUBE-AZRTOS-G4.1.0.0
2023-06-29 02:01:42,711 [WARN] PackLoader:242 - Cannot read IP mode file for STMicroelectronics.X-CUBE-AZRTOS-L4.1.0.0
2023-06-29 02:01:42,726 [WARN] PackLoader:242 - Cannot read IP mode file for STMicroelectronics.X-CUBE-AZRTOS-WL.1.0.0
2023-06-29 02:01:42,737 [WARN] PackLoader:242 - Cannot read IP mode file for portGmbH.I-Cube-SoM-uGOAL.1.1.0
2023-06-29 02:01:42,746 [WARN] PackLoader:242 - Cannot read IP mode file for STMicroelectronics.X-CUBE-ALS.1.0.1
2023-06-29 02:01:42,764 [WARN] PackLoader:242 - Cannot read IP mode file for STMicroelectronics.X-CUBE-AZRTOS-WB.1.1.0
2023-06-29 02:01:42,769 [WARN] PackLoader:242 - Cannot read IP mode file for STMicroelectronics.FP-ATR-ASTRA1.2.0.0
2023-06-29 02:01:42,770 [INFO] ThirdParty:947 - Integrity check success = true
2023-06-29 02:01:42,770 [INFO] IntegrityCheckThread:98 - exiting critical section [integrity check]
2023-06-29 02:01:42,770 [INFO] IntegrityCheckThread:101 - End integrity checks thread
2023-06-29 02:01:43,170 [ERROR] LogOutputStream:74 - [STDERR_REDIRECT] SLF4J: Failed to load class "org.slf4j.impl.StaticLoggerBinder".
2023-06-29 02:01:43,170 [ERROR] LogOutputStream:74 - [STDERR_REDIRECT] SLF4J: Defaulting to no-operation (NOP) logger implementation
2023-06-29 02:01:43,171 [ERROR] LogOutputStream:74 - [STDERR_REDIRECT] SLF4J: See http://www.slf4j.org/codes.html#StaticLoggerBinder for further details.
2023-06-29 02:01:44,242 [INFO] ApiDb:239 - Found 143 in-development CPN: [B-WB1M-WPAN1, B-WL5M-SUBG1, NUCLEO-C031C6, STEVAL-PROTEUS1, STEVAL-STWINBX1, STM320518-EVAL, STM32C0116-DK, STM32C011D6Y3TR, STM32C011D6Y6TR, STM32C011F4P3, STM32C011F4P6, STM32C011F4U3, STM32C011F4U6TR, STM32C011F6P3, STM32C011F6P6, STM32C011F6U3, STM32C011F6U6TR, STM32C011J4M3, STM32C011J4M6, STM32C011J6M3, STM32C011J6M6, STM32C0316-DK, STM32C031C4T3, STM32C031C4T6, STM32C031C4U3, STM32C031C4U6, STM32C031C6T3, STM32C031C6T6, STM32C031C6U3, STM32C031C6U6, STM32C031F4P3, STM32C031F4P6, STM32C031F6P3, STM32C031F6P6, STM32C031G4U3, STM32C031G4U6, STM32C031G6U3, STM32C031G6U6, STM32C031K4T3, STM32C031K4T6, STM32C031K4U3, STM32C031K4U6, STM32C031K6T3, STM32C031K6T6, STM32C031K6U3, STM32C031K6U6, STM32G071K8TXN, STM32G071K8UXN, STM32G081GBU6N, STM32G081KBT6N, STM32G081KBUXN, STM32G0B1CCT6N, STM32G0B1KCT6, STM32G0B1NEY6TR, STM32G0B1RCT6N, STM32G0C1CCT6, STM32G0C1CCT6N, STM32G0C1CCU6N, STM32G0C1CET6N, STM32G0C1CEU6N, STM32G0C1KCT6, STM32G0C1NEY6TR, STM32G0C1RCI6N, STM32G0C1RCT6N, STM32G0C1REI6N, STM32G0C1RET6N, STM32G0C1VCI6, STM32G0C1VEI6, STM32G471CCT6, STM32G471CCU6, STM32G471CET3, STM32G471CET6, STM32G471CEU3, STM32G471CEU6, STM32G471MCT6, STM32G471MET3, STM32G471MET6, STM32G471MEY6TR, STM32G471QCT6, STM32G471QET3, STM32G471RCT6, STM32G471RET3, STM32G471RET6, STM32G471VCH6, STM32G471VCI6, STM32G471VCT6, STM32G471VEH3, STM32G471VEH6, STM32G471VEI3, STM32G471VEI6, STM32G471VET3, STM32G471VET6, STM32G474CCT6, STM32L476VGY6PTR, STM32L4R5QGI6STR, STM32MP131AAE3, STM32MP131AAF3, STM32MP131AAG3, STM32MP131CAE3, STM32MP131CAF3, STM32MP131CAG3, STM32MP131DAE7, STM32MP131DAF7, STM32MP131DAG7, STM32MP131FAE7, STM32MP131FAF7, STM32MP131FAG7, STM32MP133AAE3, STM32MP133AAF3, STM32MP133AAG3, STM32MP133CAE3, STM32MP133CAF3, STM32MP133CAG3, STM32MP133DAE7, STM32MP133DAF7, STM32MP133DAG7, STM32MP133FAE7, STM32MP133FAF7, STM32MP133FAG7, STM32MP135AAE3, STM32MP135AAF3, STM32MP135AAG3, STM32MP135CAE3, STM32MP135CAF3, STM32MP135CAG3, STM32MP135DAE7, STM32MP135DAF7, STM32MP135DAG7, STM32MP135F-DK, STM32MP135FAE7, STM32MP135FAF7, STM32MP135FAF7T, STM32MP135FAF7U, STM32MP135FAG7, STM32U595ZJT6Q, STM32U599BJY6QTR, STM32U599NIH6Q, STM32U599NJH6Q, STM32U5A5ZJT6Q, STM32U5A9BJY6QTR, STM32U5A9NJH6Q, STM32WB1MMCH6, STM32WL5MOCH6TR]
2023-06-29 02:01:44,246 [INFO] DbMcus:215 - Found 3680 MCUs, 3680 are supported
2023-06-29 02:01:44,257 [INFO] ApiDb:422 - Load user favorites file C:\Users\XPS/.stm32cubeide/favorites.mcus.txt: 1 item(s)
2023-06-29 02:01:44,257 [INFO] ApiDb:426 - User favorites MCUs=[STM32F411RET6]
2023-06-29 02:01:44,258 [INFO] DbMcus:221 - Set 1 / 1 favorites MCUs
2023-06-29 02:01:44,476 [INFO] McuFinderGlobals:65 - Set McuFinderConnectedMode to true
2023-06-29 02:01:44,487 [INFO] MultiScanPanel:196 - Auto-refresh data requested => check proxy status ongoing
2023-06-29 02:01:44,490 [INFO] FinderPluginLoader:92 - Searching for filters in installed packs
2023-06-29 02:01:45,647 [INFO] LoadUrlFilesThread:179 - End of LoadServerUrlFiles without Thread
2023-06-29 02:01:45,656 [INFO] DetailPanel:339 - Set advertising image to C:/Users/XPS/STM32Cube/Repository/\en.prom-stm32h5-mcu-finder.jpg
2023-06-29 02:01:46,269 [INFO] ApiDb:667 - CubeFinder database Data Model version=2.1
2023-06-29 02:01:46,269 [INFO] ApiDb:668 - CubeFinder database Configuration version=3.0.35
2023-06-29 02:01:46,270 [INFO] ApiDb:669 - CubeFinder database generation date=2023-05-12 (1683877179)
2023-06-29 02:01:46,270 [INFO] ApiDb:670 - CubeFinder database FW Pack versions=[FP-ATR-ASTRA1_V2.0.0, FP-SNS-FLIGHT1_V5.0.0, FP-SNS-MOTENV1_V4.3.0, STM32Cube_FW_C0_V1.0.1, STM32Cube_FW_F0_V1.11.4, STM32Cube_FW_F3_V1.11.4, STM32Cube_FW_F4_V1.27.1, STM32Cube_FW_F7_V1.17.0, STM32Cube_FW_G0_V1.6.1, STM32Cube_FW_G4_V1.5.1, STM32Cube_FW_H5_V0.5.1, STM32Cube_FW_H5_V1.0.0, STM32Cube_FW_H7_V1.11.0, STM32Cube_FW_L0_V1.12.2, STM32Cube_FW_L5_V1.5.0, STM32Cube_FW_U5_V1.2.0, STM32Cube_FW_WBA_V1.0.0, STM32Cube_FW_WBA_V1.0.0RC1, STM32Cube_FW_WBA_V1.0.0RC3, STM32Cube_FW_WB_V1.15.0RC1, STM32Cube_FW_WB_V1.16.0, STM32Cube_FW_WB_V1.16.0RC2, STM32Cube_FW_WL_V1.3.0, X-CUBE-ALGOBUILD_V1.3.0, X-CUBE-ALS_V1.0.1, X-CUBE-AZRTOS-F4_V1.1.0, X-CUBE-AZRTOS-F7_V1.1.0, X-CUBE-AZRTOS-G0_V1.1.0, X-CUBE-AZRTOS-G4_V2.0.0, X-CUBE-AZRTOS-H7_V3.1.0, X-CUBE-AZRTOS-L4_V1.0.0, X-CUBE-AZRTOS-L5_V1.1.0, X-CUBE-AZRTOS-WB_V1.1.0, X-CUBE-AZRTOS-WL_V1.0.0, X-CUBE-BLE1_V6.2.4, X-CUBE-BLE2_V3.3.0, X-CUBE-BLEMGR_V2.0.0, X-CUBE-EEPRMA1_V4.1.0, X-CUBE-FREERTOS_V1.0.1, X-CUBE-GNSS1_V6.0.0, X-CUBE-MEMS1_V9.1.0, X-CUBE-MEMS1_V9.4.0, X-CUBE-MEMS1_V9.6.0, X-CUBE-NFC4_V3.0.0, X-CUBE-NFC7_V1.0.0, X-CUBE-SFXS2LP1_V4.0.0, X-CUBE-SUBG2_V5.0.0]
2023-06-29 02:01:46,321 [INFO] DbBoardsSqlite:225 - include board P-NUCLEO-WB55-NUCLEO as a kit item of type 'Nucleo-64'
2023-06-29 02:01:46,321 [INFO] DbBoardsSqlite:225 - include board P-NUCLEO-WB55-USBDONGLE as a kit item of type 'Nucleo USB Dongle'
2023-06-29 02:01:46,321 [INFO] DbBoardsSqlite:225 - include board STEVAL-IDP005V1 as a kit item of type 'Evaluation Board'
2023-06-29 02:01:46,322 [INFO] DbBoardsSqlite:225 - include board STEVAL-IDP005V2 as a kit item of type 'Evaluation Board'
2023-06-29 02:01:46,363 [INFO] ApiDb:239 - Found 143 in-development CPN: [B-WB1M-WPAN1, B-WL5M-SUBG1, NUCLEO-C031C6, STEVAL-PROTEUS1, STEVAL-STWINBX1, STM320518-EVAL, STM32C0116-DK, STM32C011D6Y3TR, STM32C011D6Y6TR, STM32C011F4P3, STM32C011F4P6, STM32C011F4U3, STM32C011F4U6TR, STM32C011F6P3, STM32C011F6P6, STM32C011F6U3, STM32C011F6U6TR, STM32C011J4M3, STM32C011J4M6, STM32C011J6M3, STM32C011J6M6, STM32C0316-DK, STM32C031C4T3, STM32C031C4T6, STM32C031C4U3, STM32C031C4U6, STM32C031C6T3, STM32C031C6T6, STM32C031C6U3, STM32C031C6U6, STM32C031F4P3, STM32C031F4P6, STM32C031F6P3, STM32C031F6P6, STM32C031G4U3, STM32C031G4U6, STM32C031G6U3, STM32C031G6U6, STM32C031K4T3, STM32C031K4T6, STM32C031K4U3, STM32C031K4U6, STM32C031K6T3, STM32C031K6T6, STM32C031K6U3, STM32C031K6U6, STM32G071K8TXN, STM32G071K8UXN, STM32G081GBU6N, STM32G081KBT6N, STM32G081KBUXN, STM32G0B1CCT6N, STM32G0B1KCT6, STM32G0B1NEY6TR, STM32G0B1RCT6N, STM32G0C1CCT6, STM32G0C1CCT6N, STM32G0C1CCU6N, STM32G0C1CET6N, STM32G0C1CEU6N, STM32G0C1KCT6, STM32G0C1NEY6TR, STM32G0C1RCI6N, STM32G0C1RCT6N, STM32G0C1REI6N, STM32G0C1RET6N, STM32G0C1VCI6, STM32G0C1VEI6, STM32G471CCT6, STM32G471CCU6, STM32G471CET3, STM32G471CET6, STM32G471CEU3, STM32G471CEU6, STM32G471MCT6, STM32G471MET3, STM32G471MET6, STM32G471MEY6TR, STM32G471QCT6, STM32G471QET3, STM32G471RCT6, STM32G471RET3, STM32G471RET6, STM32G471VCH6, STM32G471VCI6, STM32G471VCT6, STM32G471VEH3, STM32G471VEH6, STM32G471VEI3, STM32G471VEI6, STM32G471VET3, STM32G471VET6, STM32G474CCT6, STM32L476VGY6PTR, STM32L4R5QGI6STR, STM32MP131AAE3, STM32MP131AAF3, STM32MP131AAG3, STM32MP131CAE3, STM32MP131CAF3, STM32MP131CAG3, STM32MP131DAE7, STM32MP131DAF7, STM32MP131DAG7, STM32MP131FAE7, STM32MP131FAF7, STM32MP131FAG7, STM32MP133AAE3, STM32MP133AAF3, STM32MP133AAG3, STM32MP133CAE3, STM32MP133CAF3, STM32MP133CAG3, STM32MP133DAE7, STM32MP133DAF7, STM32MP133DAG7, STM32MP133FAE7, STM32MP133FAF7, STM32MP133FAG7, STM32MP135AAE3, STM32MP135AAF3, STM32MP135AAG3, STM32MP135CAE3, STM32MP135CAF3, STM32MP135CAG3, STM32MP135DAE7, STM32MP135DAF7, STM32MP135DAG7, STM32MP135F-DK, STM32MP135FAE7, STM32MP135FAF7, STM32MP135FAF7T, STM32MP135FAF7U, STM32MP135FAG7, STM32U595ZJT6Q, STM32U599BJY6QTR, STM32U599NIH6Q, STM32U599NJH6Q, STM32U5A5ZJT6Q, STM32U5A9BJY6QTR, STM32U5A9NJH6Q, STM32WB1MMCH6, STM32WL5MOCH6TR]
2023-06-29 02:01:46,479 [INFO] BoardInfo:879 - No configuration file found for board P-NUCLEO-WB55
2023-06-29 02:01:46,480 [INFO] DbBoards:156 - Kit is not supported: P-NUCLEO-WB55
2023-06-29 02:01:46,484 [INFO] BoardInfo:879 - No configuration file found for board STEVAL-BFA001V1B
2023-06-29 02:01:46,484 [INFO] DbBoards:156 - Kit is not supported: STEVAL-BFA001V1B
2023-06-29 02:01:46,485 [INFO] BoardInfo:879 - No configuration file found for board STEVAL-BFA001V2B
2023-06-29 02:01:46,485 [INFO] DbBoards:156 - Kit is not supported: STEVAL-BFA001V2B
2023-06-29 02:01:46,600 [INFO] DbBoards:160 - Found 179 boards, 176 are supported
2023-06-29 02:01:46,613 [INFO] ApiDb:422 - Load user favorites file C:\Users\XPS/.stm32cubeide/favorites.boards.txt: 1 item(s)
2023-06-29 02:01:46,614 [INFO] ApiDb:426 - User favorites Boards=[NUCLEO-F411RE]
2023-06-29 02:01:46,614 [INFO] DbBoards:189 - Set 1 / 1 favorites Boards
2023-06-29 02:01:54,593 [INFO] MultiScanPanel:196 - Auto-refresh data requested => check proxy status ongoing
2023-06-29 02:01:54,762 [INFO] LoadUrlFilesThread:179 - End of LoadServerUrlFiles without Thread
2023-06-29 02:01:54,762 [INFO] DetailPanel:339 - Set advertising image to C:/Users/XPS/STM32Cube/Repository/\en.prom-stm32h5-mcu-finder.jpg
2023-06-29 02:01:54,786 [INFO] DbBoards:633 - Loading board mini-images...
2023-06-29 02:01:57,472 [INFO] DbBoards:656 - Loaded 179 board mini-images
2023-06-29 22:40:05,174 [INFO] McuFinderGlobals:65 - Set McuFinderConnectedMode to true
2023-06-29 22:40:05,192 [INFO] ApiDb:447 - Save user favorites file C:\Users\XPS/.stm32cubeide/favorites.mcus.txt: 1 item(s)
2023-06-29 22:40:05,192 [INFO] ApiDb:451 - User favorites MCUs=[STM32F411RET6]
2023-06-29 22:40:05,192 [INFO] ApiDb:447 - Save user favorites file C:\Users\XPS/.stm32cubeide/favorites.boards.txt: 1 item(s)
2023-06-29 22:40:05,192 [INFO] ApiDb:451 - User favorites Boards=[NUCLEO-F411RE]
