2023-04-25 00:58:14,744 [INFO] Activator:179 - 


2023-04-25 00:58:14,745 [INFO] Activator:180 - !SESSION log4j initialized
2023-04-25 00:58:23,353 [INFO] McuFinderGlobals:52 - Set McuFinder mode to 2 (CubeIDE integrated)
2023-04-25 00:58:23,696 [INFO] ApplicationProperties:181 - Using Application install path: C:\ST\STM32CubeIDE_1.9.0\STM32CubeIDE\plugins\com.st.stm32cube.common.mx_6.7.0.202301130839
2023-04-25 00:58:23,720 [INFO] DbMcusXml:77 - Set database path to: C:\ST\STM32CubeIDE_1.9.0\STM32CubeIDE\plugins\com.st.stm32cube.common.mx_6.7.0.202301130839\\db\/mcu/
2023-04-25 00:58:23,721 [INFO] ApiDb:273 - Set plugin database path to: C:\ST\STM32CubeIDE_1.9.0\STM32CubeIDE\plugins\com.st.stm32cube.common.mx_6.7.0.202301130839\\db\/plugins/boardmanager/
2023-04-25 00:58:23,723 [WARN] ApiDb:258 - Overriding images path with different value:  => C:\ST\STM32CubeIDE_1.9.0\STM32CubeIDE\plugins\com.st.stm32cube.common.mx_6.7.0.202301130839\\db\/plugins/mcufinder/images/
2023-04-25 00:58:23,747 [INFO] ApiDb:249 - Set database path to: C:\Users\XPS\.stmcufinder\plugins\mcufinder//mcu/
2023-04-25 00:58:23,748 [INFO] DbMcusAds:124 - Set database path to: C:\Users\XPS\.stmcufinder\plugins\mcufinder//mcu/
2023-04-25 00:58:23,752 [INFO] CrossReferenceDbSqlite:202 - Set database path to: C:\Users\XPS\.stmcufinder\plugins\mcufinder//mcu/cs/
2023-04-25 00:58:23,868 [INFO] RulesReader:61 - Compatibility file has been processed (283 Rules)
2023-04-25 00:58:23,954 [INFO] DbMcusXml:77 - Set database path to: C:\ST\STM32CubeIDE_1.9.0\STM32CubeIDE\plugins\com.st.stm32cube.common.mx_6.7.0.202301130839\\db\/mcu/
2023-04-25 00:58:23,954 [INFO] ApiDb:273 - Set plugin database path to: C:\ST\STM32CubeIDE_1.9.0\STM32CubeIDE\plugins\com.st.stm32cube.common.mx_6.7.0.202301130839\\db\/plugins/boardmanager/
2023-04-25 00:58:23,954 [INFO] ApiDb:260 - Set plugin images path to: C:\ST\STM32CubeIDE_1.9.0\STM32CubeIDE\plugins\com.st.stm32cube.common.mx_6.7.0.202301130839\\db\/plugins/mcufinder/images/
2023-04-25 00:58:23,955 [WARN] DbFile:40 - Overriding database path with different value: C:\Users\XPS\.stmcufinder\plugins\mcufinder/ => C:\Users\XPS\.stmcufinder\plugins\mcufinder
2023-04-25 00:58:23,955 [INFO] ApiDb:249 - Set database path to: C:\Users\XPS\.stmcufinder\plugins\mcufinder//mcu/
2023-04-25 00:58:23,955 [WARN] DbFile:40 - Overriding database path with different value: C:\Users\XPS\.stmcufinder\plugins\mcufinder/ => C:\Users\XPS\.stmcufinder\plugins\mcufinder
2023-04-25 00:58:23,955 [INFO] DbMcusAds:124 - Set database path to: C:\Users\XPS\.stmcufinder\plugins\mcufinder//mcu/
2023-04-25 00:58:23,957 [WARN] DbFile:40 - Overriding database path with different value: C:\Users\XPS\.stmcufinder\plugins\mcufinder/ => C:\Users\XPS\.stmcufinder\plugins\mcufinder
2023-04-25 00:58:23,958 [WARN] DbFile:40 - Overriding database path with different value: C:\Users\XPS\.stmcufinder\plugins\mcufinder/ => C:\Users\XPS\.stmcufinder\plugins\mcufinder
2023-04-25 00:58:23,958 [INFO] CrossReferenceDbSqlite:202 - Set database path to: C:\Users\XPS\.stmcufinder\plugins\mcufinder//mcu/cs/
2023-04-25 00:58:24,038 [INFO] MainPanel:252 - HeapMemory: 268435456
2023-04-25 00:58:24,139 [INFO] DbMcusXml:77 - Set database path to: C:\ST\STM32CubeIDE_1.9.0\STM32CubeIDE\plugins\com.st.stm32cube.common.mx_6.7.0.202301130839\\db\/mcu/
2023-04-25 00:58:24,140 [INFO] ApiDb:273 - Set plugin database path to: C:\ST\STM32CubeIDE_1.9.0\STM32CubeIDE\plugins\com.st.stm32cube.common.mx_6.7.0.202301130839\\db\/plugins/boardmanager/
2023-04-25 00:58:24,140 [INFO] ApiDb:260 - Set plugin images path to: C:\ST\STM32CubeIDE_1.9.0\STM32CubeIDE\plugins\com.st.stm32cube.common.mx_6.7.0.202301130839\\db\/plugins/mcufinder/images/
2023-04-25 00:58:24,140 [WARN] DbFile:40 - Overriding database path with different value: C:\Users\XPS\.stmcufinder\plugins\mcufinder/ => C:\Users\XPS\.stmcufinder\plugins\mcufinder
2023-04-25 00:58:24,140 [INFO] ApiDb:249 - Set database path to: C:\Users\XPS\.stmcufinder\plugins\mcufinder//mcu/
2023-04-25 00:58:24,140 [WARN] DbFile:40 - Overriding database path with different value: C:\Users\XPS\.stmcufinder\plugins\mcufinder/ => C:\Users\XPS\.stmcufinder\plugins\mcufinder
2023-04-25 00:58:24,141 [INFO] DbMcusAds:124 - Set database path to: C:\Users\XPS\.stmcufinder\plugins\mcufinder//mcu/
2023-04-25 00:58:24,141 [WARN] DbFile:40 - Overriding database path with different value: C:\Users\XPS\.stmcufinder\plugins\mcufinder/ => C:\Users\XPS\.stmcufinder\plugins\mcufinder
2023-04-25 00:58:24,141 [WARN] DbFile:40 - Overriding database path with different value: C:\Users\XPS\.stmcufinder\plugins\mcufinder/ => C:\Users\XPS\.stmcufinder\plugins\mcufinder
2023-04-25 00:58:24,141 [INFO] CrossReferenceDbSqlite:202 - Set database path to: C:\Users\XPS\.stmcufinder\plugins\mcufinder//mcu/cs/
2023-04-25 00:58:24,162 [INFO] ApplicationProperties:181 - Using Application install path: C:\ST\STM32CubeIDE_1.9.0\STM32CubeIDE\plugins\com.st.stm32cube.common.mx_6.7.0.202301130839
2023-04-25 00:58:24,164 [INFO] PluginManage:193 - Search for loadable plugins [exclusion list=, ]
2023-04-25 00:58:24,165 [INFO] PluginManage:307 - Check plugin analytics
2023-04-25 00:58:24,279 [INFO] AnalyticsPlugin:262 - Accepted Software Licenses: 
2023-04-25 00:58:24,281 [INFO] AnalyticsPlugin:264 - Accepted CMSIS Pack Licenses: 
2023-04-25 00:58:24,281 [INFO] AnalyticsPlugin:266 - Accepted Firmware Licenses: 
2023-04-25 00:58:24,289 [INFO] PluginManage:356 - Loaded plugin analytics (category:tool,tabindex:-1)
2023-04-25 00:58:24,293 [INFO] PluginManage:307 - Check plugin cadmodel
2023-04-25 00:58:24,303 [INFO] CADModel:104 - Init CAD model plugin
2023-04-25 00:58:24,303 [INFO] PluginManage:356 - Loaded plugin cadmodel (category:power,tabindex:5)
2023-04-25 00:58:24,303 [INFO] PluginManage:307 - Check plugin clock
2023-04-25 00:58:24,318 [INFO] PluginManage:356 - Loaded plugin clock (category:base,tabindex:2)
2023-04-25 00:58:24,318 [INFO] PluginManage:307 - Check plugin ddr
2023-04-25 00:58:24,320 [INFO] PluginManage:356 - Loaded plugin ddr (category:tool,tabindex:6)
2023-04-25 00:58:24,320 [INFO] PluginManage:307 - Check plugin filemanager
2023-04-25 00:58:24,580 [INFO] PluginManage:356 - Loaded plugin filemanager (category:base,tabindex:10)
2023-04-25 00:58:24,580 [INFO] PluginManage:307 - Check plugin ipmanager
2023-04-25 00:58:24,588 [INFO] PluginManage:356 - Loaded plugin ipmanager (category:base,tabindex:5)
2023-04-25 00:58:24,588 [INFO] PluginManage:307 - Check plugin lpbam
2023-04-25 00:58:24,602 [INFO] PluginManage:356 - Loaded plugin lpbam (category:base,tabindex:0)
2023-04-25 00:58:24,603 [INFO] PluginManage:307 - Check plugin pinoutandconfiguration
2023-04-25 00:58:24,617 [INFO] PluginManage:356 - Loaded plugin pinoutandconfiguration (category:base,tabindex:1)
2023-04-25 00:58:24,617 [INFO] PluginManage:307 - Check plugin pinoutconfig
2023-04-25 00:58:24,655 [INFO] PluginManage:356 - Loaded plugin pinoutconfig (category:base,tabindex:0)
2023-04-25 00:58:24,656 [INFO] PluginManage:307 - Check plugin power
2023-04-25 00:58:24,670 [INFO] PluginManage:356 - Loaded plugin power (category:power,tabindex:4)
2023-04-25 00:58:24,670 [INFO] PluginManage:307 - Check plugin projectmanager
2023-04-25 00:58:24,685 [INFO] PluginManage:356 - Loaded plugin projectmanager (category:projectmanager,tabindex:3)
2023-04-25 00:58:24,685 [INFO] PluginManage:307 - Check plugin thirdparty
2023-04-25 00:58:24,894 [WARN] IntegrityCheckThread:82 - waiting for thirdparty lock release [integrity check]
2023-04-25 00:58:24,896 [INFO] PluginManage:356 - Loaded plugin thirdparty (category:base,tabindex:-1)
2023-04-25 00:58:24,896 [INFO] IntegrityCheckThread:84 - entering critical section [integrity check]
2023-04-25 00:58:24,896 [INFO] PluginManage:307 - Check plugin tools
2023-04-25 00:58:24,899 [INFO] ThirdPartyUpdaterWithRetryManager:70 - Updater plugin not ready yet. [1/15]
2023-04-25 00:58:24,920 [INFO] PluginManage:356 - Loaded plugin tools (category:base,tabindex:7)
2023-04-25 00:58:24,920 [INFO] PluginManage:307 - Check plugin tutovideos
2023-04-25 00:58:25,103 [INFO] PluginManage:356 - Loaded plugin tutovideos (category:base,tabindex:-1)
2023-04-25 00:58:25,104 [INFO] PluginManage:307 - Check plugin updater
2023-04-25 00:58:25,115 [INFO] PluginManage:356 - Loaded plugin updater (category:base,tabindex:12)
2023-04-25 00:58:25,116 [INFO] PluginManage:280 - PluginManage : Loaded plugins [15]
2023-04-25 00:58:25,364 [INFO] PinOutPanel:1477 - setPackage(No Configuration,No Configuration)
2023-04-25 00:58:25,420 [INFO] CADModel:164 - CPN selected for project level
2023-04-25 00:58:25,420 [INFO] CADModel:113 - Register for checkConnection events
2023-04-25 00:58:25,441 [INFO] IPUIPlugin:79 - create IPUIPlugin
2023-04-25 00:58:25,442 [INFO] PluginManager:219 - loadIPPluginJar : add adc
2023-04-25 00:58:25,468 [INFO] IPUIPlugin:79 - create IPUIPlugin
2023-04-25 00:58:25,468 [INFO] PluginManager:219 - loadIPPluginJar : add aes
2023-04-25 00:58:25,499 [INFO] IPUIPlugin:79 - create IPUIPlugin
2023-04-25 00:58:25,500 [INFO] PluginManager:219 - loadIPPluginJar : add can
2023-04-25 00:58:25,518 [INFO] IPUIPlugin:79 - create IPUIPlugin
2023-04-25 00:58:25,518 [INFO] PluginManager:219 - loadIPPluginJar : add comp
2023-04-25 00:58:25,543 [INFO] IPUIPlugin:79 - create IPUIPlugin
2023-04-25 00:58:25,543 [INFO] PluginManager:219 - loadIPPluginJar : add cryp
2023-04-25 00:58:25,566 [INFO] IPUIPlugin:79 - create IPUIPlugin
2023-04-25 00:58:25,566 [INFO] PluginManager:219 - loadIPPluginJar : add dfsdm
2023-04-25 00:58:25,578 [INFO] IPUIPlugin:79 - create IPUIPlugin
2023-04-25 00:58:25,578 [INFO] PluginManager:219 - loadIPPluginJar : add dma
2023-04-25 00:58:25,609 [INFO] IPUIPlugin:79 - create IPUIPlugin
2023-04-25 00:58:25,610 [INFO] PluginManager:219 - loadIPPluginJar : add dma3
2023-04-25 00:58:25,623 [INFO] IPUIPlugin:79 - create IPUIPlugin
2023-04-25 00:58:25,623 [INFO] PluginManager:219 - loadIPPluginJar : add fatfs
2023-04-25 00:58:25,658 [INFO] IPUIPlugin:79 - create IPUIPlugin
2023-04-25 00:58:25,659 [INFO] PluginManager:219 - loadIPPluginJar : add fmc
2023-04-25 00:58:25,674 [INFO] IPUIPlugin:79 - create IPUIPlugin
2023-04-25 00:58:25,674 [INFO] PluginManager:219 - loadIPPluginJar : add freertos
2023-04-25 00:58:25,689 [INFO] IPUIPlugin:79 - create IPUIPlugin
2023-04-25 00:58:25,689 [INFO] PluginManager:219 - loadIPPluginJar : add genericplugin
2023-04-25 00:58:25,752 [INFO] IPUIPlugin:79 - create IPUIPlugin
2023-04-25 00:58:25,752 [INFO] PluginManager:219 - loadIPPluginJar : add gfxmmu
2023-04-25 00:58:25,843 [INFO] IPUIPlugin:79 - create IPUIPlugin
2023-04-25 00:58:25,843 [INFO] PluginManager:219 - loadIPPluginJar : add gic
2023-04-25 00:58:25,856 [INFO] IPUIPlugin:79 - create IPUIPlugin
2023-04-25 00:58:25,856 [INFO] PluginManager:219 - loadIPPluginJar : add gpio
2023-04-25 00:58:25,919 [INFO] IPUIPlugin:79 - create IPUIPlugin
2023-04-25 00:58:25,919 [INFO] PluginManager:219 - loadIPPluginJar : add gtzc
2023-04-25 00:58:25,943 [INFO] IPUIPlugin:79 - create IPUIPlugin
2023-04-25 00:58:25,943 [INFO] PluginManager:219 - loadIPPluginJar : add hash
2023-04-25 00:58:25,982 [INFO] IPUIPlugin:79 - create IPUIPlugin
2023-04-25 00:58:25,982 [INFO] PluginManager:219 - loadIPPluginJar : add i2c
2023-04-25 00:58:26,011 [INFO] IPUIPlugin:79 - create IPUIPlugin
2023-04-25 00:58:26,011 [INFO] PluginManager:219 - loadIPPluginJar : add i2s
2023-04-25 00:58:26,088 [INFO] IPUIPlugin:79 - create IPUIPlugin
2023-04-25 00:58:26,089 [INFO] PluginManager:219 - loadIPPluginJar : add ipddr
2023-04-25 00:58:26,156 [INFO] IPUIPlugin:79 - create IPUIPlugin
2023-04-25 00:58:26,157 [INFO] PluginManager:219 - loadIPPluginJar : add linkedlist
2023-04-25 00:58:26,183 [INFO] IPUIPlugin:79 - create IPUIPlugin
2023-04-25 00:58:26,183 [INFO] PluginManager:219 - loadIPPluginJar : add lorawan
2023-04-25 00:58:26,208 [INFO] IPUIPlugin:79 - create IPUIPlugin
2023-04-25 00:58:26,210 [INFO] PluginManager:219 - loadIPPluginJar : add ltdc
2023-04-25 00:58:26,221 [INFO] IPUIPlugin:79 - create IPUIPlugin
2023-04-25 00:58:26,221 [INFO] PluginManager:219 - loadIPPluginJar : add mdma
2023-04-25 00:58:26,230 [INFO] IPUIPlugin:79 - create IPUIPlugin
2023-04-25 00:58:26,230 [INFO] PluginManager:219 - loadIPPluginJar : add nvic
2023-04-25 00:58:26,255 [INFO] IPUIPlugin:79 - create IPUIPlugin
2023-04-25 00:58:26,256 [INFO] PluginManager:219 - loadIPPluginJar : add opamp
2023-04-25 00:58:26,299 [INFO] IPUIPlugin:79 - create IPUIPlugin
2023-04-25 00:58:26,299 [INFO] PluginManager:219 - loadIPPluginJar : add openamp
2023-04-25 00:58:26,329 [INFO] IPUIPlugin:79 - create IPUIPlugin
2023-04-25 00:58:26,329 [INFO] PluginManager:219 - loadIPPluginJar : add pdm2pcm
2023-04-25 00:58:26,347 [INFO] IPUIPlugin:79 - create IPUIPlugin
2023-04-25 00:58:26,349 [INFO] PluginManager:219 - loadIPPluginJar : add plateformsettings
2023-04-25 00:58:26,366 [INFO] IPUIPlugin:79 - create IPUIPlugin
2023-04-25 00:58:26,366 [INFO] PluginManager:219 - loadIPPluginJar : add quadspi
2023-04-25 00:58:26,377 [INFO] IPUIPlugin:79 - create IPUIPlugin
2023-04-25 00:58:26,377 [INFO] PluginManager:219 - loadIPPluginJar : add resmgrutility
2023-04-25 00:58:26,415 [INFO] IPUIPlugin:79 - create IPUIPlugin
2023-04-25 00:58:26,415 [INFO] PluginManager:219 - loadIPPluginJar : add sai
2023-04-25 00:58:26,440 [INFO] IPUIPlugin:79 - create IPUIPlugin
2023-04-25 00:58:26,441 [INFO] PluginManager:219 - loadIPPluginJar : add spi
2023-04-25 00:58:26,480 [INFO] IPUIPlugin:79 - create IPUIPlugin
2023-04-25 00:58:26,480 [INFO] PluginManager:219 - loadIPPluginJar : add stm32_wpan
2023-04-25 00:58:26,500 [INFO] IPUIPlugin:79 - create IPUIPlugin
2023-04-25 00:58:26,500 [INFO] PluginManager:219 - loadIPPluginJar : add tim
2023-04-25 00:58:26,541 [INFO] IPUIPlugin:79 - create IPUIPlugin
2023-04-25 00:58:26,541 [INFO] PluginManager:219 - loadIPPluginJar : add touchsensing
2023-04-25 00:58:26,558 [INFO] IPUIPlugin:79 - create IPUIPlugin
2023-04-25 00:58:26,558 [INFO] PluginManager:219 - loadIPPluginJar : add tracer_emb
2023-04-25 00:58:26,576 [INFO] IPUIPlugin:79 - create IPUIPlugin
2023-04-25 00:58:26,577 [INFO] PluginManager:219 - loadIPPluginJar : add ts
2023-04-25 00:58:26,594 [INFO] IPUIPlugin:79 - create IPUIPlugin
2023-04-25 00:58:26,594 [INFO] PluginManager:219 - loadIPPluginJar : add tsc
2023-04-25 00:58:26,611 [INFO] IPUIPlugin:79 - create IPUIPlugin
2023-04-25 00:58:26,611 [INFO] PluginManager:219 - loadIPPluginJar : add ucpd
2023-04-25 00:58:26,657 [INFO] IPUIPlugin:79 - create IPUIPlugin
2023-04-25 00:58:26,658 [INFO] PluginManager:219 - loadIPPluginJar : add usart
2023-04-25 00:58:26,690 [INFO] IPUIPlugin:79 - create IPUIPlugin
2023-04-25 00:58:26,691 [INFO] PluginManager:219 - loadIPPluginJar : add usbx
2023-04-25 00:58:26,816 [INFO] CADModel:164 - CPN selected for project level
2023-04-25 00:58:26,816 [INFO] CADModel:113 - Register for checkConnection events
2023-04-25 00:58:26,816 [FATAL] Updater:308 - Updater called before beeing initialized
2023-04-25 00:58:26,816 [ERROR] CADModel:124 - Updater not yet initialized, retry later 
2023-04-25 00:58:26,970 [INFO] CADModel:164 - CPN selected for project level
2023-04-25 00:58:26,970 [INFO] CADModel:113 - Register for checkConnection events
2023-04-25 00:58:26,970 [FATAL] Updater:308 - Updater called before beeing initialized
2023-04-25 00:58:26,970 [ERROR] CADModel:124 - Updater not yet initialized, retry later 
2023-04-25 00:58:26,972 [FATAL] Updater:308 - Updater called before beeing initialized
2023-04-25 00:58:27,095 [FATAL] Updater:308 - Updater called before beeing initialized
2023-04-25 00:58:27,102 [INFO] DbMcusAds:52 - JSON generation date=Tue Mar 07 09:50:55 CET 2023 (1678179055335)
2023-04-25 00:58:27,102 [FATAL] Updater:308 - Updater called before beeing initialized
2023-04-25 00:58:27,165 [WARN] DetailPanel:344 - Failed to get advertising image, set to default
2023-04-25 00:58:27,268 [FATAL] Updater:308 - Updater called before beeing initialized
2023-04-25 00:58:27,270 [FATAL] Updater:308 - Updater called before beeing initialized
2023-04-25 00:58:27,270 [FATAL] Updater:308 - Updater called before beeing initialized
2023-04-25 00:58:27,270 [WARN] DetailPanel:344 - Failed to get advertising image, set to default
2023-04-25 00:58:27,270 [FATAL] Updater:308 - Updater called before beeing initialized
2023-04-25 00:58:27,321 [ERROR] Updater:1120 - MainUpdater not yet initialized. External WinMGr cannot be set.
2023-04-25 00:58:27,329 [INFO] Updater:1056 - Updater Version found : 6.7.0
2023-04-25 00:58:27,342 [INFO] ApplicationProperties:181 - Using Application install path: C:\ST\STM32CubeIDE_1.9.0\STM32CubeIDE\plugins\com.st.stm32cube.common.mx_6.7.0.202301130839
2023-04-25 00:58:27,904 [INFO] ThirdPartyUpdaterWithRetryManager:70 - Updater plugin not ready yet. [2/15]
2023-04-25 00:58:28,026 [INFO] MainUpdater:2800 - connection check result : 10
2023-04-25 00:58:28,027 [INFO] MainUpdater:3494 - Updater definition file requires update
2023-04-25 00:58:28,028 [INFO] MainUpdater:282 - Updater Check For Update Now.
2023-04-25 00:58:28,030 [INFO] MicroXplorer:481 - Change Database Version : DB.6.0.70
2023-04-25 00:58:28,626 [INFO] ServerAccessManage:474 - Download File updaters.zip
2023-04-25 00:58:28,687 [INFO] FileExtend:239 - Unzip File : updaters.zip
2023-04-25 00:58:28,688 [INFO] FileExtend:254 - Standard Zip Deflate
2023-04-25 00:58:29,200 [INFO] ServerAccessManage:474 - Download File PacksControlFlags.xml
2023-04-25 00:58:29,435 [INFO] ServerAccessManage:474 - Download File cubemx.pidx
2023-04-25 00:58:29,536 [INFO] LoadServerUpdatesThread:367 - End of LoadServerUpdate Thread
2023-04-25 00:58:29,711 [INFO] CheckServerUpdateThread:119 - End of CheckServer Thread
2023-04-25 00:58:29,738 [INFO] MainUpdater:2800 - connection check result : 10
2023-04-25 00:58:30,231 [INFO] ApiDb:580 - Connected to CubeFinder SQLite database (C:\Users\XPS\.stmcufinder\plugins\mcufinder\mcu\cube-finder-db.db)
2023-04-25 00:58:30,319 [INFO] ApiDb:667 - CubeFinder database Data Model version=2.1
2023-04-25 00:58:30,321 [INFO] ApiDb:668 - CubeFinder database Configuration version=3.0.35
2023-04-25 00:58:30,321 [INFO] ApiDb:669 - CubeFinder database generation date=2023-03-10 (1678456172)
2023-04-25 00:58:30,321 [INFO] ApiDb:670 - CubeFinder database FW Pack versions=[FP-ATR-ASTRA1_V1.1.1, STM32Cube_FW_C0_V1.0.1, STM32Cube_FW_F0_V1.11.4, STM32Cube_FW_F3_V1.11.4, STM32Cube_FW_F4_V1.27.1, STM32Cube_FW_F7_V1.17.0, STM32Cube_FW_G0_V1.6.1, STM32Cube_FW_G4_V1.5.1, STM32Cube_FW_H5_V0.5.1, STM32Cube_FW_H5_V1.0.0, STM32Cube_FW_H7_V1.11.0, STM32Cube_FW_L0_V1.12.2, STM32Cube_FW_L5_V1.5.0, STM32Cube_FW_U5_V1.2.0, STM32Cube_FW_WBA_V1.0.0, STM32Cube_FW_WBA_V1.0.0RC1, STM32Cube_FW_WBA_V1.0.0RC3, STM32Cube_FW_WB_V1.15.0RC1, STM32Cube_FW_WB_V1.16.0, STM32Cube_FW_WB_V1.16.0RC2, STM32Cube_FW_WL_V1.3.0, X-CUBE-ALGOBUILD_V1.3.0, X-CUBE-ALS_V1.0.1, X-CUBE-AZRTOS-F4_V1.1.0, X-CUBE-AZRTOS-F7_V1.1.0, X-CUBE-AZRTOS-G0_V1.1.0, X-CUBE-AZRTOS-G4_V1.0.0, X-CUBE-AZRTOS-H7_V3.0.0, X-CUBE-AZRTOS-L4_V1.0.0, X-CUBE-AZRTOS-L5_V1.1.0, X-CUBE-AZRTOS-WB_V1.1.0, X-CUBE-AZRTOS-WL_V1.0.0, X-CUBE-BLE1_V6.2.4, X-CUBE-BLE2_V3.3.0, X-CUBE-BLEMGR_V1.3.0, X-CUBE-EEPRMA1_V4.1.0, X-CUBE-GNSS1_V6.0.0, X-CUBE-MEMS1_V9.1.0, X-CUBE-MEMS1_V9.4.0, X-CUBE-MEMS1_V9.5.0, X-CUBE-NFC4_V3.0.0, X-CUBE-NFC7_V1.0.0, X-CUBE-SFXS2LP1_V4.0.0, X-CUBE-SUBG2_V5.0.0]
2023-04-25 00:58:31,083 [WARN] PackLoader:242 - Cannot read IP mode file for STMicroelectronics.X-CUBE-GNSS1.6.0.0
2023-04-25 00:58:31,132 [WARN] PackLoader:242 - Cannot read IP mode file for STMicroelectronics.X-CUBE-AZRTOS-F4.1.1.0
2023-04-25 00:58:31,159 [WARN] PackLoader:242 - Cannot read IP mode file for STMicroelectronics.X-CUBE-SMBUS.2.1.0
2023-04-25 00:58:31,203 [WARN] PackLoader:242 - Cannot read IP mode file for STMicroelectronics.X-CUBE-AZRTOS-F7.1.1.0
2023-04-25 00:58:31,221 [WARN] PackLoader:242 - Cannot read IP mode file for STMicroelectronics.X-CUBE-BLE1.6.2.4
2023-04-25 00:58:31,238 [WARN] PackLoader:242 - Cannot read IP mode file for emotas.I-CUBE-CANOPEN.1.1.3
2023-04-25 00:58:31,252 [WARN] PackLoader:242 - Cannot read IP mode file for STMicroelectronics.X-CUBE-BLEMGR.2.0.0
2023-04-25 00:58:31,283 [WARN] ConditionMgr:437 - getConditionDescription Invalid condition id : UX DEVICE CLASS RTOS Condition cause : null
2023-04-25 00:58:31,284 [WARN] ConditionMgr:437 - getConditionDescription Invalid condition id : UX DEVICE CLASS RTOS Condition cause : null
2023-04-25 00:58:31,290 [WARN] PackLoader:242 - Cannot read IP mode file for STMicroelectronics.X-CUBE-AZRTOS-H7.3.1.0
2023-04-25 00:58:31,291 [WARN] ConditionMgr:1038 - genDependencies : Invalid condition id : UX DEVICE CLASS RTOS Condition cause : null
2023-04-25 00:58:31,292 [WARN] ConditionMgr:1038 - genDependencies : Invalid condition id : UX DEVICE CLASS RTOS Condition cause : null
2023-04-25 00:58:31,292 [WARN] ConditionMgr:1038 - genDependencies : Invalid condition id : UX DEVICE CLASS RTOS Condition cause : null
2023-04-25 00:58:31,294 [WARN] ConditionMgr:1038 - genDependencies : Invalid condition id : UX DEVICE CLASS RTOS Condition cause : null
2023-04-25 00:58:31,294 [WARN] ConditionMgr:1038 - genDependencies : Invalid condition id : UX DEVICE CLASS RTOS Condition cause : null
2023-04-25 00:58:31,314 [WARN] PackLoader:242 - Cannot read IP mode file for STMicroelectronics.X-CUBE-DISPLAY.3.0.0
2023-04-25 00:58:31,327 [WARN] PackLoader:242 - Cannot read IP mode file for wolfSSL.I-CUBE-wolfSSL.5.5.4
2023-04-25 00:58:31,337 [WARN] PackLoader:242 - Cannot read IP mode file for STMicroelectronics.X-CUBE-NFC7.1.0.0
2023-04-25 00:58:31,350 [WARN] PackLoader:242 - Cannot read IP mode file for STMicroelectronics.X-CUBE-EEPRMA1.4.1.0
2023-04-25 00:58:31,362 [WARN] PackLoader:242 - Cannot read IP mode file for WES.I-CUBE-Cesium.1.3.0
2023-04-25 00:58:31,374 [WARN] PackLoader:242 - Cannot read IP mode file for STMicroelectronics.X-CUBE-SFXS2LP1.4.0.0
2023-04-25 00:58:31,384 [WARN] PackLoader:242 - Cannot read IP mode file for STMicroelectronics.X-CUBE-BLE2.3.3.0
2023-04-25 00:58:31,399 [WARN] PackLoader:242 - Cannot read IP mode file for STMicroelectronics.X-CUBE-TOF1.3.2.0
2023-04-25 00:58:31,433 [WARN] PackLoader:242 - Cannot read IP mode file for STMicroelectronics.X-CUBE-AZRTOS-H7.3.0.0
2023-04-25 00:58:31,446 [WARN] PackLoader:242 - Cannot read IP mode file for STMicroelectronics.X-CUBE-ISPU.1.1.0
2023-04-25 00:58:31,458 [WARN] PackLoader:242 - Cannot read IP mode file for RoweBots.I-CUBE-UNISONRTOS.5.5.0-4
2023-04-25 00:58:31,468 [WARN] PackLoader:242 - Cannot read IP mode file for STMicroelectronics.X-CUBE-AI.8.0.0
2023-04-25 00:58:31,481 [WARN] PackLoader:242 - Cannot read IP mode file for STMicroelectronics.X-CUBE-FREERTOS.1.0.0
2023-04-25 00:58:31,490 [WARN] PackLoader:242 - Cannot read IP mode file for STMicroelectronics.X-CUBE-FREERTOS.1.0.1
2023-04-25 00:58:31,499 [WARN] PackLoader:242 - Cannot read IP mode file for STMicroelectronics.X-CUBE-TOUCHGFX.4.21.1
2023-04-25 00:58:31,508 [WARN] PackLoader:242 - Cannot read IP mode file for STMicroelectronics.X-CUBE-TOUCHGFX.4.21.3
2023-04-25 00:58:31,517 [WARN] PackLoader:242 - Cannot read IP mode file for STMicroelectronics.X-CUBE-AI.7.3.0
2023-04-25 00:58:31,526 [WARN] PackLoader:242 - Cannot read IP mode file for STMicroelectronics.X-CUBE-ALGOBUILD.1.3.0
2023-04-25 00:58:31,548 [WARN] PackLoader:242 - Cannot read IP mode file for STMicroelectronics.X-CUBE-AZRTOS-L5.1.1.0
2023-04-25 00:58:31,571 [WARN] PackLoader:242 - Cannot read IP mode file for STMicroelectronics.X-CUBE-AZRTOS-G0.1.1.0
2023-04-25 00:58:31,591 [WARN] PackLoader:242 - Cannot read IP mode file for STMicroelectronics.X-CUBE-SUBG2.5.0.0
2023-04-25 00:58:31,605 [WARN] PackLoader:242 - Cannot read IP mode file for STMicroelectronics.X-CUBE-NFC4.3.0.0
2023-04-25 00:58:31,623 [WARN] PackLoader:242 - Cannot read IP mode file for STMicroelectronics.X-CUBE-TOF1.3.3.0
2023-04-25 00:58:31,640 [WARN] PackLoader:242 - Cannot read IP mode file for STMicroelectronics.FP-ATR-ASTRA1.1.1.1
2023-04-25 00:58:31,652 [WARN] PackLoader:242 - Cannot read IP mode file for STMicroelectronics.X-CUBE-BLEMGR.1.3.0
2023-04-25 00:58:31,671 [WARN] PackLoader:242 - Cannot read IP mode file for STMicroelectronics.X-CUBE-AZRTOS-G4.1.0.0
2023-04-25 00:58:31,684 [WARN] PackLoader:242 - Cannot read IP mode file for STMicroelectronics.FP-ATR-SIGFOX1.3.2.0
2023-04-25 00:58:31,706 [WARN] PackLoader:242 - Cannot read IP mode file for STMicroelectronics.X-CUBE-AZRTOS-L4.1.0.0
2023-04-25 00:58:31,725 [WARN] PackLoader:242 - Cannot read IP mode file for STMicroelectronics.X-CUBE-AZRTOS-WL.1.0.0
2023-04-25 00:58:31,736 [WARN] PackLoader:242 - Cannot read IP mode file for portGmbH.I-Cube-SoM-uGOAL.1.1.0
2023-04-25 00:58:31,745 [WARN] PackLoader:242 - Cannot read IP mode file for STMicroelectronics.X-CUBE-ALS.1.0.1
2023-04-25 00:58:31,801 [WARN] PackLoader:242 - Cannot read IP mode file for STMicroelectronics.X-CUBE-MEMS1.9.5.0
2023-04-25 00:58:31,930 [WARN] PackLoader:242 - Cannot read IP mode file for STMicroelectronics.X-CUBE-AZRTOS-WB.1.1.0
2023-04-25 00:58:31,968 [WARN] PackLoader:242 - Cannot read IP mode file for SEGGER.I-CUBE-embOS.1.3.1
2023-04-25 00:58:32,015 [WARN] PackLoader:242 - Cannot read IP mode file for STMicroelectronics.FP-ATR-ASTRA1.2.0.0
2023-04-25 00:58:32,016 [INFO] ThirdParty:947 - Integrity check success = true
2023-04-25 00:58:32,016 [INFO] IntegrityCheckThread:98 - exiting critical section [integrity check]
2023-04-25 00:58:32,016 [INFO] IntegrityCheckThread:101 - End integrity checks thread
2023-04-25 00:58:33,063 [INFO] ApiDb:239 - Found 143 in-development CPN: [B-WB1M-WPAN1, B-WL5M-SUBG1, NUCLEO-C031C6, STEVAL-PROTEUS1, STEVAL-STWINBX1, STM320518-EVAL, STM32C0116-DK, STM32C011D6Y3TR, STM32C011D6Y6TR, STM32C011F4P3, STM32C011F4P6, STM32C011F4U3, STM32C011F4U6TR, STM32C011F6P3, STM32C011F6P6, STM32C011F6U3, STM32C011F6U6TR, STM32C011J4M3, STM32C011J4M6, STM32C011J6M3, STM32C011J6M6, STM32C0316-DK, STM32C031C4T3, STM32C031C4T6, STM32C031C4U3, STM32C031C4U6, STM32C031C6T3, STM32C031C6T6, STM32C031C6U3, STM32C031C6U6, STM32C031F4P3, STM32C031F4P6, STM32C031F6P3, STM32C031F6P6, STM32C031G4U3, STM32C031G4U6, STM32C031G6U3, STM32C031G6U6, STM32C031K4T3, STM32C031K4T6, STM32C031K4U3, STM32C031K4U6, STM32C031K6T3, STM32C031K6T6, STM32C031K6U3, STM32C031K6U6, STM32G071K8TXN, STM32G071K8UXN, STM32G081GBU6N, STM32G081KBT6N, STM32G081KBUXN, STM32G0B1CCT6N, STM32G0B1KCT6, STM32G0B1NEY6TR, STM32G0B1RCT6N, STM32G0C1CCT6, STM32G0C1CCT6N, STM32G0C1CCU6N, STM32G0C1CET6N, STM32G0C1CEU6N, STM32G0C1KCT6, STM32G0C1NEY6TR, STM32G0C1RCI6N, STM32G0C1RCT6N, STM32G0C1REI6N, STM32G0C1RET6N, STM32G0C1VCI6, STM32G0C1VEI6, STM32G471CCT6, STM32G471CCU6, STM32G471CET3, STM32G471CET6, STM32G471CEU3, STM32G471CEU6, STM32G471MCT6, STM32G471MET3, STM32G471MET6, STM32G471MEY6TR, STM32G471QCT6, STM32G471QET3, STM32G471RCT6, STM32G471RET3, STM32G471RET6, STM32G471VCH6, STM32G471VCI6, STM32G471VCT6, STM32G471VEH3, STM32G471VEH6, STM32G471VEI3, STM32G471VEI6, STM32G471VET3, STM32G471VET6, STM32G474CCT6, STM32L476VGY6PTR, STM32L4R5QGI6STR, STM32MP131AAE3, STM32MP131AAF3, STM32MP131AAG3, STM32MP131CAE3, STM32MP131CAF3, STM32MP131CAG3, STM32MP131DAE7, STM32MP131DAF7, STM32MP131DAG7, STM32MP131FAE7, STM32MP131FAF7, STM32MP131FAG7, STM32MP133AAE3, STM32MP133AAF3, STM32MP133AAG3, STM32MP133CAE3, STM32MP133CAF3, STM32MP133CAG3, STM32MP133DAE7, STM32MP133DAF7, STM32MP133DAG7, STM32MP133FAE7, STM32MP133FAF7, STM32MP133FAG7, STM32MP135AAE3, STM32MP135AAF3, STM32MP135AAG3, STM32MP135CAE3, STM32MP135CAF3, STM32MP135CAG3, STM32MP135DAE7, STM32MP135DAF7, STM32MP135DAG7, STM32MP135F-DK, STM32MP135FAE7, STM32MP135FAF7, STM32MP135FAF7T, STM32MP135FAF7U, STM32MP135FAG7, STM32U595ZJT6Q, STM32U599BJY6QTR, STM32U599NIH6Q, STM32U599NJH6Q, STM32U5A5ZJT6Q, STM32U5A9BJY6QTR, STM32U5A9NJH6Q, STM32WB1MMCH6, STM32WL5MOCH6TR]
2023-04-25 00:58:33,069 [INFO] DbMcus:215 - Found 3680 MCUs, 3680 are supported
2023-04-25 00:58:33,075 [INFO] ApiDb:422 - Load user favorites file C:\Users\XPS/.stm32cubeide/favorites.mcus.txt: 1 item(s)
2023-04-25 00:58:33,076 [INFO] ApiDb:426 - User favorites MCUs=[STM32F411RET6]
2023-04-25 00:58:33,076 [INFO] DbMcus:221 - Set 1 / 1 favorites MCUs
2023-04-25 00:58:33,291 [INFO] McuFinderGlobals:65 - Set McuFinderConnectedMode to true
2023-04-25 00:58:33,298 [INFO] MultiScanPanel:196 - Auto-refresh data requested => check proxy status ongoing
2023-04-25 00:58:33,301 [INFO] FinderPluginLoader:92 - Searching for filters in installed packs
2023-04-25 00:58:34,436 [INFO] LoadUrlFilesThread:179 - End of LoadServerUrlFiles without Thread
2023-04-25 00:58:34,443 [INFO] DetailPanel:339 - Set advertising image to C:/Users/XPS/STM32Cube/Repository/\en.prom-stm32h5-mcu-finder.jpg
2023-04-25 00:58:35,125 [INFO] ApiDb:667 - CubeFinder database Data Model version=2.1
2023-04-25 00:58:35,125 [INFO] ApiDb:668 - CubeFinder database Configuration version=3.0.35
2023-04-25 00:58:35,125 [INFO] ApiDb:669 - CubeFinder database generation date=2023-03-10 (1678456172)
2023-04-25 00:58:35,125 [INFO] ApiDb:670 - CubeFinder database FW Pack versions=[FP-ATR-ASTRA1_V1.1.1, STM32Cube_FW_C0_V1.0.1, STM32Cube_FW_F0_V1.11.4, STM32Cube_FW_F3_V1.11.4, STM32Cube_FW_F4_V1.27.1, STM32Cube_FW_F7_V1.17.0, STM32Cube_FW_G0_V1.6.1, STM32Cube_FW_G4_V1.5.1, STM32Cube_FW_H5_V0.5.1, STM32Cube_FW_H5_V1.0.0, STM32Cube_FW_H7_V1.11.0, STM32Cube_FW_L0_V1.12.2, STM32Cube_FW_L5_V1.5.0, STM32Cube_FW_U5_V1.2.0, STM32Cube_FW_WBA_V1.0.0, STM32Cube_FW_WBA_V1.0.0RC1, STM32Cube_FW_WBA_V1.0.0RC3, STM32Cube_FW_WB_V1.15.0RC1, STM32Cube_FW_WB_V1.16.0, STM32Cube_FW_WB_V1.16.0RC2, STM32Cube_FW_WL_V1.3.0, X-CUBE-ALGOBUILD_V1.3.0, X-CUBE-ALS_V1.0.1, X-CUBE-AZRTOS-F4_V1.1.0, X-CUBE-AZRTOS-F7_V1.1.0, X-CUBE-AZRTOS-G0_V1.1.0, X-CUBE-AZRTOS-G4_V1.0.0, X-CUBE-AZRTOS-H7_V3.0.0, X-CUBE-AZRTOS-L4_V1.0.0, X-CUBE-AZRTOS-L5_V1.1.0, X-CUBE-AZRTOS-WB_V1.1.0, X-CUBE-AZRTOS-WL_V1.0.0, X-CUBE-BLE1_V6.2.4, X-CUBE-BLE2_V3.3.0, X-CUBE-BLEMGR_V1.3.0, X-CUBE-EEPRMA1_V4.1.0, X-CUBE-GNSS1_V6.0.0, X-CUBE-MEMS1_V9.1.0, X-CUBE-MEMS1_V9.4.0, X-CUBE-MEMS1_V9.5.0, X-CUBE-NFC4_V3.0.0, X-CUBE-NFC7_V1.0.0, X-CUBE-SFXS2LP1_V4.0.0, X-CUBE-SUBG2_V5.0.0]
2023-04-25 00:58:35,199 [INFO] DbBoardsSqlite:225 - include board P-NUCLEO-WB55-NUCLEO as a kit item of type 'Nucleo-64'
2023-04-25 00:58:35,200 [INFO] DbBoardsSqlite:225 - include board P-NUCLEO-WB55-USBDONGLE as a kit item of type 'Nucleo USB Dongle'
2023-04-25 00:58:35,200 [INFO] DbBoardsSqlite:225 - include board STEVAL-IDP005V1 as a kit item of type 'Evaluation Board'
2023-04-25 00:58:35,200 [INFO] DbBoardsSqlite:225 - include board STEVAL-IDP005V2 as a kit item of type 'Evaluation Board'
2023-04-25 00:58:35,254 [INFO] ApiDb:239 - Found 143 in-development CPN: [B-WB1M-WPAN1, B-WL5M-SUBG1, NUCLEO-C031C6, STEVAL-PROTEUS1, STEVAL-STWINBX1, STM320518-EVAL, STM32C0116-DK, STM32C011D6Y3TR, STM32C011D6Y6TR, STM32C011F4P3, STM32C011F4P6, STM32C011F4U3, STM32C011F4U6TR, STM32C011F6P3, STM32C011F6P6, STM32C011F6U3, STM32C011F6U6TR, STM32C011J4M3, STM32C011J4M6, STM32C011J6M3, STM32C011J6M6, STM32C0316-DK, STM32C031C4T3, STM32C031C4T6, STM32C031C4U3, STM32C031C4U6, STM32C031C6T3, STM32C031C6T6, STM32C031C6U3, STM32C031C6U6, STM32C031F4P3, STM32C031F4P6, STM32C031F6P3, STM32C031F6P6, STM32C031G4U3, STM32C031G4U6, STM32C031G6U3, STM32C031G6U6, STM32C031K4T3, STM32C031K4T6, STM32C031K4U3, STM32C031K4U6, STM32C031K6T3, STM32C031K6T6, STM32C031K6U3, STM32C031K6U6, STM32G071K8TXN, STM32G071K8UXN, STM32G081GBU6N, STM32G081KBT6N, STM32G081KBUXN, STM32G0B1CCT6N, STM32G0B1KCT6, STM32G0B1NEY6TR, STM32G0B1RCT6N, STM32G0C1CCT6, STM32G0C1CCT6N, STM32G0C1CCU6N, STM32G0C1CET6N, STM32G0C1CEU6N, STM32G0C1KCT6, STM32G0C1NEY6TR, STM32G0C1RCI6N, STM32G0C1RCT6N, STM32G0C1REI6N, STM32G0C1RET6N, STM32G0C1VCI6, STM32G0C1VEI6, STM32G471CCT6, STM32G471CCU6, STM32G471CET3, STM32G471CET6, STM32G471CEU3, STM32G471CEU6, STM32G471MCT6, STM32G471MET3, STM32G471MET6, STM32G471MEY6TR, STM32G471QCT6, STM32G471QET3, STM32G471RCT6, STM32G471RET3, STM32G471RET6, STM32G471VCH6, STM32G471VCI6, STM32G471VCT6, STM32G471VEH3, STM32G471VEH6, STM32G471VEI3, STM32G471VEI6, STM32G471VET3, STM32G471VET6, STM32G474CCT6, STM32L476VGY6PTR, STM32L4R5QGI6STR, STM32MP131AAE3, STM32MP131AAF3, STM32MP131AAG3, STM32MP131CAE3, STM32MP131CAF3, STM32MP131CAG3, STM32MP131DAE7, STM32MP131DAF7, STM32MP131DAG7, STM32MP131FAE7, STM32MP131FAF7, STM32MP131FAG7, STM32MP133AAE3, STM32MP133AAF3, STM32MP133AAG3, STM32MP133CAE3, STM32MP133CAF3, STM32MP133CAG3, STM32MP133DAE7, STM32MP133DAF7, STM32MP133DAG7, STM32MP133FAE7, STM32MP133FAF7, STM32MP133FAG7, STM32MP135AAE3, STM32MP135AAF3, STM32MP135AAG3, STM32MP135CAE3, STM32MP135CAF3, STM32MP135CAG3, STM32MP135DAE7, STM32MP135DAF7, STM32MP135DAG7, STM32MP135F-DK, STM32MP135FAE7, STM32MP135FAF7, STM32MP135FAF7T, STM32MP135FAF7U, STM32MP135FAG7, STM32U595ZJT6Q, STM32U599BJY6QTR, STM32U599NIH6Q, STM32U599NJH6Q, STM32U5A5ZJT6Q, STM32U5A9BJY6QTR, STM32U5A9NJH6Q, STM32WB1MMCH6, STM32WL5MOCH6TR]
2023-04-25 00:58:35,366 [INFO] BoardInfo:879 - No configuration file found for board P-NUCLEO-WB55
2023-04-25 00:58:35,367 [INFO] DbBoards:156 - Kit is not supported: P-NUCLEO-WB55
2023-04-25 00:58:35,371 [INFO] BoardInfo:879 - No configuration file found for board STEVAL-BFA001V1B
2023-04-25 00:58:35,371 [INFO] DbBoards:156 - Kit is not supported: STEVAL-BFA001V1B
2023-04-25 00:58:35,372 [INFO] BoardInfo:879 - No configuration file found for board STEVAL-BFA001V2B
2023-04-25 00:58:35,372 [INFO] DbBoards:156 - Kit is not supported: STEVAL-BFA001V2B
2023-04-25 00:58:35,497 [INFO] DbBoards:160 - Found 179 boards, 176 are supported
2023-04-25 00:58:35,510 [INFO] ApiDb:422 - Load user favorites file C:\Users\XPS/.stm32cubeide/favorites.boards.txt: 1 item(s)
2023-04-25 00:58:35,510 [INFO] ApiDb:426 - User favorites Boards=[NUCLEO-F411RE]
2023-04-25 00:58:35,510 [INFO] DbBoards:189 - Set 1 / 1 favorites Boards
2023-04-25 00:58:39,568 [ERROR] LogOutputStream:74 - [STDERR_REDIRECT] SLF4J: Failed to load class "org.slf4j.impl.StaticLoggerBinder".
2023-04-25 00:58:39,570 [ERROR] LogOutputStream:74 - [STDERR_REDIRECT] SLF4J: Defaulting to no-operation (NOP) logger implementation
2023-04-25 00:58:39,572 [ERROR] LogOutputStream:74 - [STDERR_REDIRECT] SLF4J: See http://www.slf4j.org/codes.html#StaticLoggerBinder for further details.
